{"meta": {"format": 3, "version": "7.10.7", "timestamp": "2025-10-05T02:16:41.249894", "branch_coverage": false, "show_contexts": false}, "files": {"src/finances/amazon/grouper.py": {"executed_lines": [2, 19, 20, 21, 23, 25, 28, 29, 31, 32, 33, 36, 50, 53, 54, 55, 56, 57, 58, 63, 65, 67, 68, 76, 78, 81, 82, 84, 92, 93, 94, 95, 98, 99, 100, 101, 104, 105, 106, 109, 111, 114, 116, 120, 121, 122, 130, 132, 135, 136, 138, 146, 147, 149, 151, 154, 157, 158, 160, 164, 165, 166, 175, 177, 180, 181, 183, 191, 192, 195, 196, 197, 199, 200, 202, 205, 220, 227, 228, 230, 232, 233, 234, 235, 240, 242, 243, 244, 245, 249], "summary": {"covered_lines": 88, "num_statements": 90, "percent_covered": 97.77777777777777, "percent_covered_display": "98", "missing_lines": 2, "excluded_lines": 0}, "missing_lines": [51, 60], "excluded_lines": [], "functions": {"group_orders": {"executed_lines": [50, 53, 54, 55, 56, 57, 58], "summary": {"covered_lines": 7, "num_statements": 9, "percent_covered": 77.77777777777777, "percent_covered_display": "78", "missing_lines": 2, "excluded_lines": 0}, "missing_lines": [51, 60], "excluded_lines": []}, "_group_by_order_id": {"executed_lines": [65, 67, 68, 76, 78, 81, 82, 84, 92, 93, 94, 95, 98, 99, 100, 101, 104, 105, 106, 109, 111], "summary": {"covered_lines": 21, "num_statements": 21, "percent_covered": 100.0, "percent_covered_display": "100", "missing_lines": 0, "excluded_lines": 0}, "missing_lines": [], "excluded_lines": []}, "_group_by_shipment": {"executed_lines": [116, 120, 121, 122, 130, 132, 135, 136, 138, 146, 147, 149, 151], "summary": {"covered_lines": 13, "num_statements": 13, "percent_covered": 100.0, "percent_covered_display": "100", "missing_lines": 0, "excluded_lines": 0}, "missing_lines": [], "excluded_lines": []}, "_group_by_daily_shipment": {"executed_lines": [157, 158, 160, 164, 165, 166, 175, 177, 180, 181, 183, 191, 192, 195, 196, 197, 199, 200, 202], "summary": {"covered_lines": 19, "num_statements": 19, "percent_covered": 100.0, "percent_covered_display": "100", "missing_lines": 0, "excluded_lines": 0}, "missing_lines": [], "excluded_lines": []}, "get_order_candidates": {"executed_lines": [220, 227, 228, 230, 232, 233, 234, 235, 240, 242, 243, 244, 245, 249], "summary": {"covered_lines": 14, "num_statements": 14, "percent_covered": 100.0, "percent_covered_display": "100", "missing_lines": 0, "excluded_lines": 0}, "missing_lines": [], "excluded_lines": []}, "": {"executed_lines": [2, 19, 20, 21, 23, 25, 28, 29, 31, 32, 33, 36, 63, 114, 154, 205], "summary": {"covered_lines": 14, "num_statements": 14, "percent_covered": 100.0, "percent_covered_display": "100", "missing_lines": 0, "excluded_lines": 0}, "missing_lines": [], "excluded_lines": []}}, "classes": {"GroupingLevel": {"executed_lines": [], "summary": {"covered_lines": 0, "num_statements": 0, "percent_covered": 100.0, "percent_covered_display": "100", "missing_lines": 0, "excluded_lines": 0}, "missing_lines": [], "excluded_lines": []}, "": {"executed_lines": [2, 19, 20, 21, 23, 25, 28, 29, 31, 32, 33, 36, 50, 53, 54, 55, 56, 57, 58, 63, 65, 67, 68, 76, 78, 81, 82, 84, 92, 93, 94, 95, 98, 99, 100, 101, 104, 105, 106, 109, 111, 114, 116, 120, 121, 122, 130, 132, 135, 136, 138, 146, 147, 149, 151, 154, 157, 158, 160, 164, 165, 166, 175, 177, 180, 181, 183, 191, 192, 195, 196, 197, 199, 200, 202, 205, 220, 227, 228, 230, 232, 233, 234, 235, 240, 242, 243, 244, 245, 249], "summary": {"covered_lines": 88, "num_statements": 90, "percent_covered": 97.77777777777777, "percent_covered_display": "98", "missing_lines": 2, "excluded_lines": 0}, "missing_lines": [51, 60], "excluded_lines": []}}}, "src/finances/amazon/matcher.py": {"executed_lines": [2, 13, 14, 16, 18, 19, 20, 21, 24, 25, 30, 37, 39, 41, 44, 45, 46, 48, 62, 63, 66, 80, 83, 84, 85, 88, 91, 94, 97, 100, 103, 109, 121, 125, 128, 131, 132, 133, 135, 136, 138, 147, 148, 155, 157, 159, 163, 166, 169, 172, 174, 180, 183, 185, 187, 189, 190, 193, 194, 195, 198, 199, 200, 201, 205, 207, 208, 210, 232], "summary": {"covered_lines": 67, "num_statements": 98, "percent_covered": 68.36734693877551, "percent_covered_display": "68", "missing_lines": 31, "excluded_lines": 0}, "missing_lines": [42, 67, 104, 105, 170, 203, 212, 214, 217, 218, 219, 222, 223, 224, 227, 228, 230, 234, 235, 236, 237, 239, 240, 241, 242, 243, 244, 245, 246, 247, 248], "excluded_lines": [], "functions": {"SimplifiedMatcher.__init__": {"executed_lines": [37], "summary": {"covered_lines": 1, "num_statements": 1, "percent_covered": 100.0, "percent_covered_display": "100", "missing_lines": 0, "excluded_lines": 0}, "missing_lines": [], "excluded_lines": []}, "SimplifiedMatcher.is_amazon_transaction": {"executed_lines": [41, 44, 45, 46], "summary": {"covered_lines": 4, "num_statements": 5, "percent_covered": 80.0, "percent_covered_display": "80", "missing_lines": 1, "excluded_lines": 0}, "missing_lines": [42], "excluded_lines": []}, "SimplifiedMatcher.match_transaction": {"executed_lines": [62, 63, 66, 80, 83, 84, 85, 88, 91, 94, 97, 100, 103, 109], "summary": {"covered_lines": 14, "num_statements": 17, "percent_covered": 82.3529411764706, "percent_covered_display": "82", "missing_lines": 3, "excluded_lines": 0}, "missing_lines": [67, 104, 105], "excluded_lines": []}, "SimplifiedMatcher._find_complete_matches": {"executed_lines": [125, 128, 131, 132, 133, 135, 136, 138, 147, 148, 155, 157], "summary": {"covered_lines": 12, "num_statements": 12, "percent_covered": 100.0, "percent_covered_display": "100", "missing_lines": 0, "excluded_lines": 0}, "missing_lines": [], "excluded_lines": []}, "SimplifiedMatcher._find_split_payment_matches": {"executed_lines": [163, 166, 169, 172, 174, 180, 183, 185], "summary": {"covered_lines": 8, "num_statements": 9, "percent_covered": 88.88888888888889, "percent_covered_display": "89", "missing_lines": 1, "excluded_lines": 0}, "missing_lines": [170], "excluded_lines": []}, "SimplifiedMatcher._select_best_match": {"executed_lines": [189, 190, 193, 207, 208], "summary": {"covered_lines": 5, "num_statements": 5, "percent_covered": 100.0, "percent_covered_display": "100", "missing_lines": 0, "excluded_lines": 0}, "missing_lines": [], "excluded_lines": []}, "SimplifiedMatcher._select_best_match.match_priority": {"executed_lines": [194, 195, 198, 199, 200, 201, 205], "summary": {"covered_lines": 7, "num_statements": 8, "percent_covered": 87.5, "percent_covered_display": "88", "missing_lines": 1, "excluded_lines": 0}, "missing_lines": [203], "excluded_lines": []}, "SimplifiedMatcher.convert_match_result_for_json": {"executed_lines": [], "summary": {"covered_lines": 0, "num_statements": 11, "percent_covered": 0.0, "percent_covered_display": "0", "missing_lines": 11, "excluded_lines": 0}, "missing_lines": [212, 214, 217, 218, 219, 222, 223, 224, 227, 228, 230], "excluded_lines": []}, "SimplifiedMatcher._convert_match_amounts": {"executed_lines": [], "summary": {"covered_lines": 0, "num_statements": 14, "percent_covered": 0.0, "percent_covered_display": "0", "missing_lines": 14, "excluded_lines": 0}, "missing_lines": [234, 235, 236, 237, 239, 240, 241, 242, 243, 244, 245, 246, 247, 248], "excluded_lines": []}, "": {"executed_lines": [2, 13, 14, 16, 18, 19, 20, 21, 24, 25, 30, 39, 48, 121, 159, 187, 210, 232], "summary": {"covered_lines": 16, "num_statements": 16, "percent_covered": 100.0, "percent_covered_display": "100", "missing_lines": 0, "excluded_lines": 0}, "missing_lines": [], "excluded_lines": []}}, "classes": {"SimplifiedMatcher": {"executed_lines": [37, 41, 44, 45, 46, 62, 63, 66, 80, 83, 84, 85, 88, 91, 94, 97, 100, 103, 109, 125, 128, 131, 132, 133, 135, 136, 138, 147, 148, 155, 157, 163, 166, 169, 172, 174, 180, 183, 185, 189, 190, 193, 194, 195, 198, 199, 200, 201, 205, 207, 208], "summary": {"covered_lines": 51, "num_statements": 82, "percent_covered": 62.19512195121951, "percent_covered_display": "62", "missing_lines": 31, "excluded_lines": 0}, "missing_lines": [42, 67, 104, 105, 170, 203, 212, 214, 217, 218, 219, 222, 223, 224, 227, 228, 230, 234, 235, 236, 237, 239, 240, 241, 242, 243, 244, 245, 246, 247, 248], "excluded_lines": []}, "": {"executed_lines": [2, 13, 14, 16, 18, 19, 20, 21, 24, 25, 30, 39, 48, 121, 159, 187, 210, 232], "summary": {"covered_lines": 16, "num_statements": 16, "percent_covered": 100.0, "percent_covered_display": "100", "missing_lines": 0, "excluded_lines": 0}, "missing_lines": [], "excluded_lines": []}}}, "src/finances/amazon/scorer.py": {"executed_lines": [2, 9, 10, 11, 14, 15, 17, 18, 21, 22, 24, 25, 48, 51, 52, 55, 56, 59, 62, 64, 66, 67, 69, 70, 75, 76, 78, 81, 82, 84, 85, 86, 87, 92, 97, 99, 100, 103, 105, 106, 107, 108, 109, 110, 124, 125, 127, 129, 130, 133, 142, 143, 165, 167, 177, 178, 181, 182, 185, 186, 188, 189, 191, 196], "summary": {"covered_lines": 60, "num_statements": 79, "percent_covered": 75.9493670886076, "percent_covered_display": "76", "missing_lines": 19, "excluded_lines": 0}, "missing_lines": [73, 79, 88, 90, 93, 95, 111, 112, 113, 114, 115, 116, 120, 121, 122, 131, 135, 137, 140], "excluded_lines": [], "functions": {"MatchScorer.calculate_confidence": {"executed_lines": [48, 51, 52, 55, 56, 59, 62, 64], "summary": {"covered_lines": 8, "num_statements": 8, "percent_covered": 100.0, "percent_covered_display": "100", "missing_lines": 0, "excluded_lines": 0}, "missing_lines": [], "excluded_lines": []}, "MatchScorer._score_amount_accuracy": {"executed_lines": [69, 70], "summary": {"covered_lines": 2, "num_statements": 3, "percent_covered": 66.66666666666667, "percent_covered_display": "67", "missing_lines": 1, "excluded_lines": 0}, "missing_lines": [73], "excluded_lines": []}, "MatchScorer._get_min_date_diff": {"executed_lines": [78, 81, 82, 84, 85, 86, 87, 92, 97], "summary": {"covered_lines": 9, "num_statements": 14, "percent_covered": 64.28571428571429, "percent_covered_display": "64", "missing_lines": 5, "excluded_lines": 0}, "missing_lines": [79, 88, 90, 93, 95], "excluded_lines": []}, "MatchScorer._score_date_alignment": {"executed_lines": [103, 105, 106, 107, 108, 109, 110], "summary": {"covered_lines": 7, "num_statements": 16, "percent_covered": 43.75, "percent_covered_display": "44", "missing_lines": 9, "excluded_lines": 0}, "missing_lines": [111, 112, 113, 114, 115, 116, 120, 121, 122], "excluded_lines": []}, "MatchScorer._apply_match_type_adjustments": {"executed_lines": [127, 129, 130, 133], "summary": {"covered_lines": 4, "num_statements": 8, "percent_covered": 50.0, "percent_covered_display": "50", "missing_lines": 4, "excluded_lines": 0}, "missing_lines": [131, 135, 137, 140], "excluded_lines": []}, "MatchScorer.create_match_result": {"executed_lines": [165, 167], "summary": {"covered_lines": 2, "num_statements": 2, "percent_covered": 100.0, "percent_covered_display": "100", "missing_lines": 0, "excluded_lines": 0}, "missing_lines": [], "excluded_lines": []}, "ConfidenceThresholds.meets_threshold": {"executed_lines": [191, 196], "summary": {"covered_lines": 2, "num_statements": 2, "percent_covered": 100.0, "percent_covered_display": "100", "missing_lines": 0, "excluded_lines": 0}, "missing_lines": [], "excluded_lines": []}, "": {"executed_lines": [2, 9, 10, 11, 14, 15, 17, 18, 21, 22, 24, 25, 66, 67, 75, 76, 99, 100, 124, 125, 142, 143, 177, 178, 181, 182, 185, 186, 188, 189], "summary": {"covered_lines": 26, "num_statements": 26, "percent_covered": 100.0, "percent_covered_display": "100", "missing_lines": 0, "excluded_lines": 0}, "missing_lines": [], "excluded_lines": []}}, "classes": {"MatchType": {"executed_lines": [], "summary": {"covered_lines": 0, "num_statements": 0, "percent_covered": 100.0, "percent_covered_display": "100", "missing_lines": 0, "excluded_lines": 0}, "missing_lines": [], "excluded_lines": []}, "MatchScorer": {"executed_lines": [48, 51, 52, 55, 56, 59, 62, 64, 69, 70, 78, 81, 82, 84, 85, 86, 87, 92, 97, 103, 105, 106, 107, 108, 109, 110, 127, 129, 130, 133, 165, 167], "summary": {"covered_lines": 32, "num_statements": 51, "percent_covered": 62.745098039215684, "percent_covered_display": "63", "missing_lines": 19, "excluded_lines": 0}, "missing_lines": [73, 79, 88, 90, 93, 95, 111, 112, 113, 114, 115, 116, 120, 121, 122, 131, 135, 137, 140], "excluded_lines": []}, "ConfidenceThresholds": {"executed_lines": [191, 196], "summary": {"covered_lines": 2, "num_statements": 2, "percent_covered": 100.0, "percent_covered_display": "100", "missing_lines": 0, "excluded_lines": 0}, "missing_lines": [], "excluded_lines": []}, "": {"executed_lines": [2, 9, 10, 11, 14, 15, 17, 18, 21, 22, 24, 25, 66, 67, 75, 76, 99, 100, 124, 125, 142, 143, 177, 178, 181, 182, 185, 186, 188, 189], "summary": {"covered_lines": 26, "num_statements": 26, "percent_covered": 100.0, "percent_covered_display": "100", "missing_lines": 0, "excluded_lines": 0}, "missing_lines": [], "excluded_lines": []}}}, "src/finances/amazon/split_matcher.py": {"executed_lines": [2, 9, 10, 11, 12, 14, 16, 19, 20, 27, 35, 36, 39, 42, 45, 60, 79, 90, 91, 92, 94, 95, 96, 97, 99, 101, 116, 118, 121, 122, 123, 124, 127, 129, 131, 133, 145, 146, 151, 152, 153, 155, 158, 160, 161, 162, 165, 166, 169, 170, 173, 175, 178, 179, 180, 181, 182, 183, 184, 186, 188, 200, 201, 204, 206, 210, 212, 214, 219, 222, 225, 226, 228, 230, 231, 232, 233, 234, 237, 240, 241, 243, 244, 246, 249, 250, 258, 259, 264, 269, 270, 273, 274, 286, 287, 288, 289, 296, 298, 316, 318], "summary": {"covered_lines": 99, "num_statements": 140, "percent_covered": 70.71428571428571, "percent_covered_display": "71", "missing_lines": 41, "excluded_lines": 0}, "missing_lines": [43, 47, 48, 50, 51, 53, 56, 57, 58, 62, 63, 65, 66, 75, 76, 77, 147, 207, 216, 217, 247, 251, 252, 253, 254, 256, 260, 262, 266, 275, 276, 279, 281, 282, 283, 290, 291, 293, 328, 331, 338], "excluded_lines": [], "functions": {"SplitPaymentMatcher.__init__": {"executed_lines": [35, 36, 39, 42], "summary": {"covered_lines": 4, "num_statements": 5, "percent_covered": 80.0, "percent_covered_display": "80", "missing_lines": 1, "excluded_lines": 0}, "missing_lines": [43], "excluded_lines": []}, "SplitPaymentMatcher.load_cache": {"executed_lines": [], "summary": {"covered_lines": 0, "num_statements": 8, "percent_covered": 0.0, "percent_covered_display": "0", "missing_lines": 8, "excluded_lines": 0}, "missing_lines": [47, 48, 50, 51, 53, 56, 57, 58], "excluded_lines": []}, "SplitPaymentMatcher.save_cache": {"executed_lines": [], "summary": {"covered_lines": 0, "num_statements": 7, "percent_covered": 0.0, "percent_covered_display": "0", "missing_lines": 7, "excluded_lines": 0}, "missing_lines": [62, 63, 65, 66, 75, 76, 77], "excluded_lines": []}, "SplitPaymentMatcher.get_unmatched_items": {"executed_lines": [90, 91, 92, 94, 95, 96, 97, 99], "summary": {"covered_lines": 8, "num_statements": 8, "percent_covered": 100.0, "percent_covered_display": "100", "missing_lines": 0, "excluded_lines": 0}, "missing_lines": [], "excluded_lines": []}, "SplitPaymentMatcher.find_item_combinations": {"executed_lines": [116, 118, 121, 122, 123, 124, 127, 129, 131], "summary": {"covered_lines": 9, "num_statements": 9, "percent_covered": 100.0, "percent_covered_display": "100", "missing_lines": 0, "excluded_lines": 0}, "missing_lines": [], "excluded_lines": []}, "SplitPaymentMatcher._find_subset_sum": {"executed_lines": [145, 146, 151, 152, 153, 155, 158, 175, 178, 179, 180, 181, 182, 183, 184, 186], "summary": {"covered_lines": 16, "num_statements": 17, "percent_covered": 94.11764705882354, "percent_covered_display": "94", "missing_lines": 1, "excluded_lines": 0}, "missing_lines": [147], "excluded_lines": []}, "SplitPaymentMatcher._find_subset_sum.backtrack": {"executed_lines": [160, 161, 162, 165, 166, 169, 170, 173], "summary": {"covered_lines": 8, "num_statements": 8, "percent_covered": 100.0, "percent_covered_display": "100", "missing_lines": 0, "excluded_lines": 0}, "missing_lines": [], "excluded_lines": []}, "SplitPaymentMatcher.match_split_payment": {"executed_lines": [200, 201, 204, 206, 210, 212, 214, 219, 222, 225, 226, 228, 230, 231, 232, 233, 234, 237, 240, 241, 243, 244, 246, 249, 250, 258, 259, 264, 269, 270, 273, 274, 286, 287, 288, 289, 296, 298, 316], "summary": {"covered_lines": 39, "num_statements": 60, "percent_covered": 65.0, "percent_covered_display": "65", "missing_lines": 21, "excluded_lines": 0}, "missing_lines": [207, 216, 217, 247, 251, 252, 253, 254, 256, 260, 262, 266, 275, 276, 279, 281, 282, 283, 290, 291, 293], "excluded_lines": []}, "SplitPaymentMatcher.record_match": {"executed_lines": [], "summary": {"covered_lines": 0, "num_statements": 3, "percent_covered": 0.0, "percent_covered_display": "0", "missing_lines": 3, "excluded_lines": 0}, "missing_lines": [328, 331, 338], "excluded_lines": []}, "": {"executed_lines": [2, 9, 10, 11, 12, 14, 16, 19, 20, 27, 45, 60, 79, 101, 133, 188, 318], "summary": {"covered_lines": 15, "num_statements": 15, "percent_covered": 100.0, "percent_covered_display": "100", "missing_lines": 0, "excluded_lines": 0}, "missing_lines": [], "excluded_lines": []}}, "classes": {"SplitPaymentMatcher": {"executed_lines": [35, 36, 39, 42, 90, 91, 92, 94, 95, 96, 97, 99, 116, 118, 121, 122, 123, 124, 127, 129, 131, 145, 146, 151, 152, 153, 155, 158, 160, 161, 162, 165, 166, 169, 170, 173, 175, 178, 179, 180, 181, 182, 183, 184, 186, 200, 201, 204, 206, 210, 212, 214, 219, 222, 225, 226, 228, 230, 231, 232, 233, 234, 237, 240, 241, 243, 244, 246, 249, 250, 258, 259, 264, 269, 270, 273, 274, 286, 287, 288, 289, 296, 298, 316], "summary": {"covered_lines": 84, "num_statements": 125, "percent_covered": 67.2, "percent_covered_display": "67", "missing_lines": 41, "excluded_lines": 0}, "missing_lines": [43, 47, 48, 50, 51, 53, 56, 57, 58, 62, 63, 65, 66, 75, 76, 77, 147, 207, 216, 217, 247, 251, 252, 253, 254, 256, 260, 262, 266, 275, 276, 279, 281, 282, 283, 290, 291, 293, 328, 331, 338], "excluded_lines": []}, "": {"executed_lines": [2, 9, 10, 11, 12, 14, 16, 19, 20, 27, 45, 60, 79, 101, 133, 188, 318], "summary": {"covered_lines": 15, "num_statements": 15, "percent_covered": 100.0, "percent_covered_display": "100", "missing_lines": 0, "excluded_lines": 0}, "missing_lines": [], "excluded_lines": []}}}, "src/finances/amazon/unzipper.py": {"executed_lines": [2, 8, 9, 10, 11, 12, 14, 17, 18, 25, 32, 33, 35, 45, 46, 47, 49, 50, 52, 54, 65, 66, 69, 72, 73, 74, 75, 76, 78, 81, 82, 83, 86, 87, 89, 90, 91, 92, 93, 96, 98, 99, 101, 102, 105, 108, 109, 110, 112, 124, 125, 127, 129, 130, 131, 132, 139, 150, 152, 153, 160, 161, 163, 164, 166, 167, 169, 170, 171, 172, 173, 176, 177, 178, 180, 181, 183, 184, 189, 190, 192, 200, 201, 202, 204, 206, 209, 223, 224], "summary": {"covered_lines": 87, "num_statements": 91, "percent_covered": 95.6043956043956, "percent_covered_display": "96", "missing_lines": 4, "excluded_lines": 0}, "missing_lines": [134, 135, 136, 137], "excluded_lines": [], "functions": {"AmazonUnzipper.__init__": {"executed_lines": [32, 33], "summary": {"covered_lines": 2, "num_statements": 2, "percent_covered": 100.0, "percent_covered_display": "100", "missing_lines": 0, "excluded_lines": 0}, "missing_lines": [], "excluded_lines": []}, "AmazonUnzipper.scan_for_zip_files": {"executed_lines": [45, 46, 47, 49, 50, 52], "summary": {"covered_lines": 6, "num_statements": 6, "percent_covered": 100.0, "percent_covered_display": "100", "missing_lines": 0, "excluded_lines": 0}, "missing_lines": [], "excluded_lines": []}, "AmazonUnzipper.extract_zip_file": {"executed_lines": [65, 66, 69, 72, 73, 74, 75, 76, 78, 81, 82, 83, 86, 87, 89, 90, 91, 92, 93, 96, 98, 99, 101, 102, 105, 108, 109, 110, 112, 124, 125, 127, 129, 130, 131, 132], "summary": {"covered_lines": 36, "num_statements": 40, "percent_covered": 90.0, "percent_covered_display": "90", "missing_lines": 4, "excluded_lines": 0}, "missing_lines": [134, 135, 136, 137], "excluded_lines": []}, "AmazonUnzipper.batch_extract": {"executed_lines": [150, 152, 153, 160, 161, 163, 164, 166, 167, 169, 170, 171, 172, 173, 176, 177, 178, 180, 181, 183, 184, 189, 190, 192, 200, 201, 202, 204, 206], "summary": {"covered_lines": 29, "num_statements": 29, "percent_covered": 100.0, "percent_covered_display": "100", "missing_lines": 0, "excluded_lines": 0}, "missing_lines": [], "excluded_lines": []}, "extract_amazon_zip_files": {"executed_lines": [223, 224], "summary": {"covered_lines": 2, "num_statements": 2, "percent_covered": 100.0, "percent_covered_display": "100", "missing_lines": 0, "excluded_lines": 0}, "missing_lines": [], "excluded_lines": []}, "": {"executed_lines": [2, 8, 9, 10, 11, 12, 14, 17, 18, 25, 35, 54, 139, 209], "summary": {"covered_lines": 12, "num_statements": 12, "percent_covered": 100.0, "percent_covered_display": "100", "missing_lines": 0, "excluded_lines": 0}, "missing_lines": [], "excluded_lines": []}}, "classes": {"AmazonUnzipper": {"executed_lines": [32, 33, 45, 46, 47, 49, 50, 52, 65, 66, 69, 72, 73, 74, 75, 76, 78, 81, 82, 83, 86, 87, 89, 90, 91, 92, 93, 96, 98, 99, 101, 102, 105, 108, 109, 110, 112, 124, 125, 127, 129, 130, 131, 132, 150, 152, 153, 160, 161, 163, 164, 166, 167, 169, 170, 171, 172, 173, 176, 177, 178, 180, 181, 183, 184, 189, 190, 192, 200, 201, 202, 204, 206], "summary": {"covered_lines": 73, "num_statements": 77, "percent_covered": 94.8051948051948, "percent_covered_display": "95", "missing_lines": 4, "excluded_lines": 0}, "missing_lines": [134, 135, 136, 137], "excluded_lines": []}, "": {"executed_lines": [2, 8, 9, 10, 11, 12, 14, 17, 18, 25, 35, 54, 139, 209, 223, 224], "summary": {"covered_lines": 14, "num_statements": 14, "percent_covered": 100.0, "percent_covered_display": "100", "missing_lines": 0, "excluded_lines": 0}, "missing_lines": [], "excluded_lines": []}}}, "src/finances/analysis/cash_flow.py": {"executed_lines": [2, 9, 11, 12, 14, 15, 16, 17, 18, 19, 21, 22, 23, 25, 28, 29, 30, 33, 34, 37, 38, 39, 42, 43, 44, 46, 47, 49, 61, 62, 73, 75, 76, 77, 78, 80, 82, 83, 84, 87, 88, 90, 91, 95, 96, 98, 99, 102, 103, 104, 105, 108, 113, 115, 116, 119, 120, 123, 124, 127, 128, 129, 130, 133, 134, 135, 136, 137, 138, 141, 144, 145, 147, 148, 150, 151, 152, 153, 154, 155, 158, 159, 160, 161, 163, 164, 167, 168, 169, 171, 173, 176, 177, 178, 181, 183, 185, 188, 191, 193, 195, 198, 199, 202, 204, 206, 208, 220, 227, 230, 234, 237, 240, 243, 246, 249, 252, 255, 257, 258, 261, 262, 264, 265, 267, 269, 271, 273, 275, 278, 279, 280, 281, 285, 286, 287, 288, 289, 291, 293, 295, 296, 298, 299, 300, 308, 309, 310, 311, 312, 314, 316, 318, 326, 333, 342, 343, 344, 345, 346, 348, 350, 352, 354, 355, 364, 373, 375, 376, 377, 378, 379, 381, 383, 386, 387, 389, 390, 391, 392, 394, 397, 398, 406, 407, 408, 410, 411, 412, 413, 414, 415, 417, 419, 421, 423, 425, 428, 429, 430, 431, 432, 433, 434, 435, 436, 439, 440, 441, 442, 444, 477, 488, 490, 492, 495, 496, 498], "summary": {"covered_lines": 215, "num_statements": 232, "percent_covered": 92.67241379310344, "percent_covered_display": "93", "missing_lines": 17, "excluded_lines": 0}, "missing_lines": [174, 186, 196, 228, 231, 232, 272, 274, 294, 317, 351, 384, 420, 422, 424, 491, 493], "excluded_lines": [], "functions": {"CashFlowConfig.default": {"executed_lines": [49], "summary": {"covered_lines": 1, "num_statements": 1, "percent_covered": 100.0, "percent_covered_display": "100", "missing_lines": 0, "excluded_lines": 0}, "missing_lines": [], "excluded_lines": []}, "CashFlowAnalyzer.__init__": {"executed_lines": [75, 76, 77, 78], "summary": {"covered_lines": 4, "num_statements": 4, "percent_covered": 100.0, "percent_covered_display": "100", "missing_lines": 0, "excluded_lines": 0}, "missing_lines": [], "excluded_lines": []}, "CashFlowAnalyzer.load_data": {"executed_lines": [82, 83, 84, 87, 88, 90, 91, 95, 96, 98, 99, 102, 103, 104, 105, 108, 113, 115, 116, 119, 120, 123, 124, 127, 128, 129, 130, 133, 134, 135, 136, 137, 138, 141, 144, 145, 147, 148, 150, 151, 152, 153, 154, 155, 158, 159, 160, 161, 163, 164, 167, 168, 169], "summary": {"covered_lines": 53, "num_statements": 53, "percent_covered": 100.0, "percent_covered_display": "100", "missing_lines": 0, "excluded_lines": 0}, "missing_lines": [], "excluded_lines": []}, "CashFlowAnalyzer._calculate_moving_averages": {"executed_lines": [173, 176, 177, 178, 181], "summary": {"covered_lines": 5, "num_statements": 6, "percent_covered": 83.33333333333333, "percent_covered_display": "83", "missing_lines": 1, "excluded_lines": 0}, "missing_lines": [174], "excluded_lines": []}, "CashFlowAnalyzer._calculate_monthly_aggregates": {"executed_lines": [185, 188, 191], "summary": {"covered_lines": 3, "num_statements": 4, "percent_covered": 75.0, "percent_covered_display": "75", "missing_lines": 1, "excluded_lines": 0}, "missing_lines": [186], "excluded_lines": []}, "CashFlowAnalyzer._calculate_trend_statistics": {"executed_lines": [195, 198, 199, 202, 204, 206, 208], "summary": {"covered_lines": 7, "num_statements": 8, "percent_covered": 87.5, "percent_covered_display": "88", "missing_lines": 1, "excluded_lines": 0}, "missing_lines": [196], "excluded_lines": []}, "CashFlowAnalyzer.generate_dashboard": {"executed_lines": [227, 230, 234, 237, 240, 243, 246, 249, 252, 255, 257, 258, 261, 262, 264, 265, 267], "summary": {"covered_lines": 17, "num_statements": 20, "percent_covered": 85.0, "percent_covered_display": "85", "missing_lines": 3, "excluded_lines": 0}, "missing_lines": [228, 231, 232], "excluded_lines": []}, "CashFlowAnalyzer._create_main_trend_panel": {"executed_lines": [271, 273, 275, 278, 279, 280, 281, 285, 286, 287, 288, 289], "summary": {"covered_lines": 12, "num_statements": 14, "percent_covered": 85.71428571428571, "percent_covered_display": "86", "missing_lines": 2, "excluded_lines": 0}, "missing_lines": [272, 274], "excluded_lines": []}, "CashFlowAnalyzer._create_monthly_flow_panel": {"executed_lines": [293, 295, 296, 298, 299, 300, 308, 309, 310, 311, 312], "summary": {"covered_lines": 11, "num_statements": 12, "percent_covered": 91.66666666666667, "percent_covered_display": "92", "missing_lines": 1, "excluded_lines": 0}, "missing_lines": [294], "excluded_lines": []}, "CashFlowAnalyzer._create_volatility_panel": {"executed_lines": [316, 318, 326, 333, 342, 343, 344, 345, 346], "summary": {"covered_lines": 9, "num_statements": 10, "percent_covered": 90.0, "percent_covered_display": "90", "missing_lines": 1, "excluded_lines": 0}, "missing_lines": [317], "excluded_lines": []}, "CashFlowAnalyzer._create_velocity_panel": {"executed_lines": [350, 352, 354, 355, 364, 373, 375, 376, 377, 378, 379], "summary": {"covered_lines": 11, "num_statements": 12, "percent_covered": 91.66666666666667, "percent_covered_display": "92", "missing_lines": 1, "excluded_lines": 0}, "missing_lines": [351], "excluded_lines": []}, "CashFlowAnalyzer._create_composition_panel": {"executed_lines": [383, 386, 387, 389, 390, 391, 392, 394, 397, 398, 406, 407, 408, 410, 411, 412, 413, 414, 415], "summary": {"covered_lines": 19, "num_statements": 20, "percent_covered": 95.0, "percent_covered_display": "95", "missing_lines": 1, "excluded_lines": 0}, "missing_lines": [384], "excluded_lines": []}, "CashFlowAnalyzer._create_statistics_panel": {"executed_lines": [419, 421, 423, 425, 428, 429, 430, 431, 432, 433, 434, 435, 436, 439, 440, 441, 442, 444, 477], "summary": {"covered_lines": 19, "num_statements": 22, "percent_covered": 86.36363636363636, "percent_covered_display": "86", "missing_lines": 3, "excluded_lines": 0}, "missing_lines": [420, 422, 424], "excluded_lines": []}, "CashFlowAnalyzer.get_summary_statistics": {"executed_lines": [490, 492, 495, 496, 498], "summary": {"covered_lines": 5, "num_statements": 7, "percent_covered": 71.42857142857143, "percent_covered_display": "71", "missing_lines": 2, "excluded_lines": 0}, "missing_lines": [491, 493], "excluded_lines": []}, "": {"executed_lines": [2, 9, 11, 12, 14, 15, 16, 17, 18, 19, 21, 22, 23, 25, 28, 29, 30, 33, 34, 37, 38, 39, 42, 43, 44, 46, 47, 61, 62, 73, 80, 171, 183, 193, 220, 269, 291, 314, 348, 381, 417, 488], "summary": {"covered_lines": 39, "num_statements": 39, "percent_covered": 100.0, "percent_covered_display": "100", "missing_lines": 0, "excluded_lines": 0}, "missing_lines": [], "excluded_lines": []}}, "classes": {"CashFlowConfig": {"executed_lines": [49], "summary": {"covered_lines": 1, "num_statements": 1, "percent_covered": 100.0, "percent_covered_display": "100", "missing_lines": 0, "excluded_lines": 0}, "missing_lines": [], "excluded_lines": []}, "CashFlowAnalyzer": {"executed_lines": [75, 76, 77, 78, 82, 83, 84, 87, 88, 90, 91, 95, 96, 98, 99, 102, 103, 104, 105, 108, 113, 115, 116, 119, 120, 123, 124, 127, 128, 129, 130, 133, 134, 135, 136, 137, 138, 141, 144, 145, 147, 148, 150, 151, 152, 153, 154, 155, 158, 159, 160, 161, 163, 164, 167, 168, 169, 173, 176, 177, 178, 181, 185, 188, 191, 195, 198, 199, 202, 204, 206, 208, 227, 230, 234, 237, 240, 243, 246, 249, 252, 255, 257, 258, 261, 262, 264, 265, 267, 271, 273, 275, 278, 279, 280, 281, 285, 286, 287, 288, 289, 293, 295, 296, 298, 299, 300, 308, 309, 310, 311, 312, 316, 318, 326, 333, 342, 343, 344, 345, 346, 350, 352, 354, 355, 364, 373, 375, 376, 377, 378, 379, 383, 386, 387, 389, 390, 391, 392, 394, 397, 398, 406, 407, 408, 410, 411, 412, 413, 414, 415, 419, 421, 423, 425, 428, 429, 430, 431, 432, 433, 434, 435, 436, 439, 440, 441, 442, 444, 477, 490, 492, 495, 496, 498], "summary": {"covered_lines": 175, "num_statements": 192, "percent_covered": 91.14583333333333, "percent_covered_display": "91", "missing_lines": 17, "excluded_lines": 0}, "missing_lines": [174, 186, 196, 228, 231, 232, 272, 274, 294, 317, 351, 384, 420, 422, 424, 491, 493], "excluded_lines": []}, "": {"executed_lines": [2, 9, 11, 12, 14, 15, 16, 17, 18, 19, 21, 22, 23, 25, 28, 29, 30, 33, 34, 37, 38, 39, 42, 43, 44, 46, 47, 61, 62, 73, 80, 171, 183, 193, 220, 269, 291, 314, 348, 381, 417, 488], "summary": {"covered_lines": 39, "num_statements": 39, "percent_covered": 100.0, "percent_covered_display": "100", "missing_lines": 0, "excluded_lines": 0}, "missing_lines": [], "excluded_lines": []}}}, "src/finances/apple/email_fetcher.py": {"executed_lines": [2, 9, 10, 11, 12, 13, 14, 15, 16, 17, 18, 19, 21, 22, 24, 27, 28, 29, 31, 32, 33, 34, 35, 36, 39, 40, 41, 43, 44, 45, 46, 47, 48, 49, 50, 51, 54, 55, 62, 64, 76, 78, 80, 107, 119, 172, 220, 223, 225, 228, 230, 231, 234, 236, 238, 239, 241, 243, 297, 299, 300, 302, 303, 304, 305, 306, 309, 312, 313, 314, 315, 317, 318, 319, 320, 324, 325, 327, 328, 330, 331, 332, 333, 338, 340, 342, 343, 345, 346, 347, 349, 350, 356, 358, 364, 372, 380, 381, 382, 383, 386, 387, 396, 397, 398, 399, 402, 403, 405, 418, 419, 420, 421, 424, 435, 436, 437, 438, 440, 441, 443, 457, 459, 466, 467, 469, 470, 473, 474, 475, 476, 477, 478, 481, 482, 483, 484, 485, 486, 489, 490, 491, 492, 493, 496, 497, 506, 507, 508, 510, 511, 519, 520, 523], "summary": {"covered_lines": 150, "num_statements": 284, "percent_covered": 52.816901408450704, "percent_covered_display": "53", "missing_lines": 134, "excluded_lines": 0}, "missing_lines": [66, 67, 87, 88, 90, 92, 94, 95, 98, 100, 101, 103, 104, 105, 109, 110, 111, 112, 113, 114, 115, 117, 132, 133, 134, 136, 138, 139, 140, 142, 144, 145, 146, 147, 148, 149, 150, 153, 155, 156, 158, 159, 160, 162, 163, 164, 166, 167, 169, 170, 176, 178, 180, 181, 184, 186, 189, 190, 191, 192, 194, 195, 196, 199, 200, 201, 204, 205, 207, 208, 209, 210, 211, 212, 213, 215, 216, 218, 245, 247, 248, 249, 250, 252, 253, 256, 257, 258, 259, 260, 261, 264, 265, 266, 267, 270, 271, 272, 273, 276, 279, 291, 293, 294, 295, 310, 335, 336, 351, 352, 354, 360, 361, 362, 513, 515, 516, 517, 534, 536, 537, 540, 541, 544, 547, 549, 550, 552, 553, 554, 556, 558, 559, 562], "excluded_lines": [], "functions": {"AppleEmailFetcher.__init__": {"executed_lines": [64, 76, 78], "summary": {"covered_lines": 3, "num_statements": 5, "percent_covered": 60.0, "percent_covered_display": "60", "missing_lines": 2, "excluded_lines": 0}, "missing_lines": [66, 67], "excluded_lines": []}, "AppleEmailFetcher.connect": {"executed_lines": [], "summary": {"covered_lines": 0, "num_statements": 12, "percent_covered": 0.0, "percent_covered_display": "0", "missing_lines": 12, "excluded_lines": 0}, "missing_lines": [87, 88, 90, 92, 94, 95, 98, 100, 101, 103, 104, 105], "excluded_lines": []}, "AppleEmailFetcher.disconnect": {"executed_lines": [], "summary": {"covered_lines": 0, "num_statements": 8, "percent_covered": 0.0, "percent_covered_display": "0", "missing_lines": 8, "excluded_lines": 0}, "missing_lines": [109, 110, 111, 112, 113, 114, 115, 117], "excluded_lines": []}, "AppleEmailFetcher.fetch_apple_receipts": {"executed_lines": [], "summary": {"covered_lines": 0, "num_statements": 28, "percent_covered": 0.0, "percent_covered_display": "0", "missing_lines": 28, "excluded_lines": 0}, "missing_lines": [132, 133, 134, 136, 138, 139, 140, 142, 144, 145, 146, 147, 148, 149, 150, 153, 155, 156, 158, 159, 160, 162, 163, 164, 166, 167, 169, 170], "excluded_lines": []}, "AppleEmailFetcher._search_apple_receipts_in_folder": {"executed_lines": [], "summary": {"covered_lines": 0, "num_statements": 28, "percent_covered": 0.0, "percent_covered_display": "0", "missing_lines": 28, "excluded_lines": 0}, "missing_lines": [176, 178, 180, 181, 184, 186, 189, 190, 191, 192, 194, 195, 196, 199, 200, 201, 204, 205, 207, 208, 209, 210, 211, 212, 213, 215, 216, 218], "excluded_lines": []}, "AppleEmailFetcher._build_apple_search_criteria": {"executed_lines": [223, 225, 228, 230, 231, 234, 236, 238, 239, 241], "summary": {"covered_lines": 10, "num_statements": 10, "percent_covered": 100.0, "percent_covered_display": "100", "missing_lines": 0, "excluded_lines": 0}, "missing_lines": [], "excluded_lines": []}, "AppleEmailFetcher._fetch_and_parse_email": {"executed_lines": [], "summary": {"covered_lines": 0, "num_statements": 27, "percent_covered": 0.0, "percent_covered_display": "0", "missing_lines": 27, "excluded_lines": 0}, "missing_lines": [245, 247, 248, 249, 250, 252, 253, 256, 257, 258, 259, 260, 261, 264, 265, 266, 267, 270, 271, 272, 273, 276, 279, 291, 293, 294, 295], "excluded_lines": []}, "AppleEmailFetcher._extract_email_content": {"executed_lines": [299, 300, 302, 303, 304, 305, 306, 309, 312, 313, 314, 315, 317, 318, 319, 320, 324, 325, 327, 328, 330, 331, 332, 333, 338], "summary": {"covered_lines": 25, "num_statements": 28, "percent_covered": 89.28571428571429, "percent_covered_display": "89", "missing_lines": 3, "excluded_lines": 0}, "missing_lines": [310, 335, 336], "excluded_lines": []}, "AppleEmailFetcher._decode_header": {"executed_lines": [342, 343, 345, 346, 347, 349, 350, 356, 358], "summary": {"covered_lines": 9, "num_statements": 15, "percent_covered": 60.0, "percent_covered_display": "60", "missing_lines": 6, "excluded_lines": 0}, "missing_lines": [351, 352, 354, 360, 361, 362], "excluded_lines": []}, "AppleEmailFetcher._is_apple_receipt": {"executed_lines": [372, 380, 381, 382, 383, 386, 387, 396, 397, 398, 399, 402, 403, 405, 418, 419, 420, 421, 424, 435, 436, 437, 438, 440, 441], "summary": {"covered_lines": 25, "num_statements": 25, "percent_covered": 100.0, "percent_covered_display": "100", "missing_lines": 0, "excluded_lines": 0}, "missing_lines": [], "excluded_lines": []}, "AppleEmailFetcher.save_emails_to_disk": {"executed_lines": [457, 459, 466, 467, 469, 470, 473, 474, 475, 476, 477, 478, 481, 482, 483, 484, 485, 486, 489, 490, 491, 492, 493, 496, 497, 506, 507, 508, 510, 511, 519, 520], "summary": {"covered_lines": 32, "num_statements": 36, "percent_covered": 88.88888888888889, "percent_covered_display": "89", "missing_lines": 4, "excluded_lines": 0}, "missing_lines": [513, 515, 516, 517], "excluded_lines": []}, "fetch_apple_receipts_cli": {"executed_lines": [], "summary": {"covered_lines": 0, "num_statements": 16, "percent_covered": 0.0, "percent_covered_display": "0", "missing_lines": 16, "excluded_lines": 0}, "missing_lines": [534, 536, 537, 540, 541, 544, 547, 549, 550, 552, 553, 554, 556, 558, 559, 562], "excluded_lines": []}, "": {"executed_lines": [2, 9, 10, 11, 12, 13, 14, 15, 16, 17, 18, 19, 21, 22, 24, 27, 28, 29, 31, 32, 33, 34, 35, 36, 39, 40, 41, 43, 44, 45, 46, 47, 48, 49, 50, 51, 54, 55, 62, 80, 107, 119, 172, 220, 243, 297, 340, 364, 443, 523], "summary": {"covered_lines": 46, "num_statements": 46, "percent_covered": 100.0, "percent_covered_display": "100", "missing_lines": 0, "excluded_lines": 0}, "missing_lines": [], "excluded_lines": []}}, "classes": {"EmailConfig": {"executed_lines": [], "summary": {"covered_lines": 0, "num_statements": 0, "percent_covered": 100.0, "percent_covered_display": "100", "missing_lines": 0, "excluded_lines": 0}, "missing_lines": [], "excluded_lines": []}, "AppleReceiptEmail": {"executed_lines": [], "summary": {"covered_lines": 0, "num_statements": 0, "percent_covered": 100.0, "percent_covered_display": "100", "missing_lines": 0, "excluded_lines": 0}, "missing_lines": [], "excluded_lines": []}, "AppleEmailFetcher": {"executed_lines": [64, 76, 78, 223, 225, 228, 230, 231, 234, 236, 238, 239, 241, 299, 300, 302, 303, 304, 305, 306, 309, 312, 313, 314, 315, 317, 318, 319, 320, 324, 325, 327, 328, 330, 331, 332, 333, 338, 342, 343, 345, 346, 347, 349, 350, 356, 358, 372, 380, 381, 382, 383, 386, 387, 396, 397, 398, 399, 402, 403, 405, 418, 419, 420, 421, 424, 435, 436, 437, 438, 440, 441, 457, 459, 466, 467, 469, 470, 473, 474, 475, 476, 477, 478, 481, 482, 483, 484, 485, 486, 489, 490, 491, 492, 493, 496, 497, 506, 507, 508, 510, 511, 519, 520], "summary": {"covered_lines": 104, "num_statements": 222, "percent_covered": 46.846846846846844, "percent_covered_display": "47", "missing_lines": 118, "excluded_lines": 0}, "missing_lines": [66, 67, 87, 88, 90, 92, 94, 95, 98, 100, 101, 103, 104, 105, 109, 110, 111, 112, 113, 114, 115, 117, 132, 133, 134, 136, 138, 139, 140, 142, 144, 145, 146, 147, 148, 149, 150, 153, 155, 156, 158, 159, 160, 162, 163, 164, 166, 167, 169, 170, 176, 178, 180, 181, 184, 186, 189, 190, 191, 192, 194, 195, 196, 199, 200, 201, 204, 205, 207, 208, 209, 210, 211, 212, 213, 215, 216, 218, 245, 247, 248, 249, 250, 252, 253, 256, 257, 258, 259, 260, 261, 264, 265, 266, 267, 270, 271, 272, 273, 276, 279, 291, 293, 294, 295, 310, 335, 336, 351, 352, 354, 360, 361, 362, 513, 515, 516, 517], "excluded_lines": []}, "": {"executed_lines": [2, 9, 10, 11, 12, 13, 14, 15, 16, 17, 18, 19, 21, 22, 24, 27, 28, 29, 31, 32, 33, 34, 35, 36, 39, 40, 41, 43, 44, 45, 46, 47, 48, 49, 50, 51, 54, 55, 62, 80, 107, 119, 172, 220, 243, 297, 340, 364, 443, 523], "summary": {"covered_lines": 46, "num_statements": 62, "percent_covered": 74.19354838709677, "percent_covered_display": "74", "missing_lines": 16, "excluded_lines": 0}, "missing_lines": [534, 536, 537, 540, 541, 544, 547, 549, 550, 552, 553, 554, 556, 558, 559, 562], "excluded_lines": []}}}, "src/finances/apple/loader.py": {"executed_lines": [2, 9, 10, 11, 12, 14, 16, 19, 62, 91, 101, 103, 105, 107, 108, 111, 112, 115, 118, 119, 123, 139, 145, 148, 149, 151, 152, 155, 167, 168, 170, 172, 173, 184, 210], "summary": {"covered_lines": 34, "num_statements": 85, "percent_covered": 40.0, "percent_covered_display": "40", "missing_lines": 51, "excluded_lines": 0}, "missing_lines": [29, 30, 31, 34, 36, 37, 39, 40, 42, 44, 45, 48, 54, 55, 58, 59, 72, 74, 75, 76, 77, 80, 81, 82, 84, 85, 87, 88, 120, 141, 142, 143, 174, 175, 177, 178, 179, 180, 181, 196, 197, 199, 200, 203, 204, 206, 207, 220, 221, 223, 243], "excluded_lines": [], "functions": {"find_latest_apple_export": {"executed_lines": [], "summary": {"covered_lines": 0, "num_statements": 16, "percent_covered": 0.0, "percent_covered_display": "0", "missing_lines": 16, "excluded_lines": 0}, "missing_lines": [29, 30, 31, 34, 36, 37, 39, 40, 42, 44, 45, 48, 54, 55, 58, 59], "excluded_lines": []}, "load_apple_receipts": {"executed_lines": [], "summary": {"covered_lines": 0, "num_statements": 12, "percent_covered": 0.0, "percent_covered_display": "0", "missing_lines": 12, "excluded_lines": 0}, "missing_lines": [72, 74, 75, 76, 77, 80, 81, 82, 84, 85, 87, 88], "excluded_lines": []}, "normalize_apple_receipt_data": {"executed_lines": [101, 103, 105, 107, 108, 111, 112, 115, 118, 119, 123, 139, 145, 148, 149, 151, 152], "summary": {"covered_lines": 17, "num_statements": 21, "percent_covered": 80.95238095238095, "percent_covered_display": "81", "missing_lines": 4, "excluded_lines": 0}, "missing_lines": [120, 141, 142, 143], "excluded_lines": []}, "parse_apple_date": {"executed_lines": [167, 168, 170, 172, 173], "summary": {"covered_lines": 5, "num_statements": 12, "percent_covered": 41.666666666666664, "percent_covered_display": "42", "missing_lines": 7, "excluded_lines": 0}, "missing_lines": [174, 175, 177, 178, 179, 180, 181], "excluded_lines": []}, "filter_receipts_by_date_range": {"executed_lines": [], "summary": {"covered_lines": 0, "num_statements": 8, "percent_covered": 0.0, "percent_covered_display": "0", "missing_lines": 8, "excluded_lines": 0}, "missing_lines": [196, 197, 199, 200, 203, 204, 206, 207], "excluded_lines": []}, "get_apple_receipt_summary": {"executed_lines": [], "summary": {"covered_lines": 0, "num_statements": 4, "percent_covered": 0.0, "percent_covered_display": "0", "missing_lines": 4, "excluded_lines": 0}, "missing_lines": [220, 221, 223, 243], "excluded_lines": []}, "": {"executed_lines": [2, 9, 10, 11, 12, 14, 16, 19, 62, 91, 155, 184, 210], "summary": {"covered_lines": 12, "num_statements": 12, "percent_covered": 100.0, "percent_covered_display": "100", "missing_lines": 0, "excluded_lines": 0}, "missing_lines": [], "excluded_lines": []}}, "classes": {"": {"executed_lines": [2, 9, 10, 11, 12, 14, 16, 19, 62, 91, 101, 103, 105, 107, 108, 111, 112, 115, 118, 119, 123, 139, 145, 148, 149, 151, 152, 155, 167, 168, 170, 172, 173, 184, 210], "summary": {"covered_lines": 34, "num_statements": 85, "percent_covered": 40.0, "percent_covered_display": "40", "missing_lines": 51, "excluded_lines": 0}, "missing_lines": [29, 30, 31, 34, 36, 37, 39, 40, 42, 44, 45, 48, 54, 55, 58, 59, 72, 74, 75, 76, 77, 80, 81, 82, 84, 85, 87, 88, 120, 141, 142, 143, 174, 175, 177, 178, 179, 180, 181, 196, 197, 199, 200, 203, 204, 206, 207, 220, 221, 223, 243], "excluded_lines": []}}}, "src/finances/apple/matcher.py": {"executed_lines": [2, 9, 10, 11, 13, 15, 16, 19, 20, 22, 23, 26, 27, 29, 36, 38, 52, 53, 54, 56, 61, 72, 73, 74, 75, 77, 88, 89, 90, 91, 93, 104, 113, 127, 128, 131, 132, 134, 135, 138, 139, 140, 143, 144, 146, 148, 162, 163, 166, 167, 170, 171, 173, 174, 177, 178, 180, 181, 182, 183, 184, 185, 187, 188, 191, 193, 195, 207, 210, 211, 214, 217, 220, 222, 223, 225, 227, 237, 239, 241, 242, 247, 262, 295], "summary": {"covered_lines": 81, "num_statements": 107, "percent_covered": 75.70093457943925, "percent_covered_display": "76", "missing_lines": 26, "excluded_lines": 0}, "missing_lines": [240, 245, 278, 279, 281, 283, 287, 288, 289, 290, 292, 305, 306, 308, 309, 312, 313, 314, 317, 318, 321, 322, 323, 324, 326, 337], "excluded_lines": [], "functions": {"AppleMatcher.__init__": {"executed_lines": [36], "summary": {"covered_lines": 1, "num_statements": 1, "percent_covered": 100.0, "percent_covered_display": "100", "missing_lines": 0, "excluded_lines": 0}, "missing_lines": [], "excluded_lines": []}, "AppleMatcher.match_single_transaction": {"executed_lines": [52, 53, 54, 56, 61, 72, 73, 74, 75, 77, 88, 89, 90, 91, 93, 104], "summary": {"covered_lines": 16, "num_statements": 16, "percent_covered": 100.0, "percent_covered_display": "100", "missing_lines": 0, "excluded_lines": 0}, "missing_lines": [], "excluded_lines": []}, "AppleMatcher._find_exact_match": {"executed_lines": [127, 128, 131, 132, 134, 135, 138, 139, 140, 143, 144, 146], "summary": {"covered_lines": 12, "num_statements": 12, "percent_covered": 100.0, "percent_covered_display": "100", "missing_lines": 0, "excluded_lines": 0}, "missing_lines": [], "excluded_lines": []}, "AppleMatcher._find_date_window_match": {"executed_lines": [162, 163, 166, 167, 170, 171, 173, 174, 177, 178, 180, 181, 182, 183, 184, 185, 187, 188, 191, 193], "summary": {"covered_lines": 20, "num_statements": 20, "percent_covered": 100.0, "percent_covered_display": "100", "missing_lines": 0, "excluded_lines": 0}, "missing_lines": [], "excluded_lines": []}, "AppleMatcher._calculate_confidence": {"executed_lines": [207, 210, 211, 214, 217, 220, 222, 223, 225], "summary": {"covered_lines": 9, "num_statements": 9, "percent_covered": 100.0, "percent_covered_display": "100", "missing_lines": 0, "excluded_lines": 0}, "missing_lines": [], "excluded_lines": []}, "AppleMatcher._create_receipt_from_data": {"executed_lines": [237, 239, 241, 242, 247], "summary": {"covered_lines": 5, "num_statements": 7, "percent_covered": 71.42857142857143, "percent_covered_display": "71", "missing_lines": 2, "excluded_lines": 0}, "missing_lines": [240, 245], "excluded_lines": []}, "batch_match_transactions": {"executed_lines": [], "summary": {"covered_lines": 0, "num_statements": 9, "percent_covered": 0.0, "percent_covered_display": "0", "missing_lines": 9, "excluded_lines": 0}, "missing_lines": [278, 279, 281, 283, 287, 288, 289, 290, 292], "excluded_lines": []}, "generate_match_summary": {"executed_lines": [], "summary": {"covered_lines": 0, "num_statements": 15, "percent_covered": 0.0, "percent_covered_display": "0", "missing_lines": 15, "excluded_lines": 0}, "missing_lines": [305, 306, 308, 309, 312, 313, 314, 317, 318, 321, 322, 323, 324, 326, 337], "excluded_lines": []}, "": {"executed_lines": [2, 9, 10, 11, 13, 15, 16, 19, 20, 22, 23, 26, 27, 29, 38, 113, 148, 195, 227, 262, 295], "summary": {"covered_lines": 18, "num_statements": 18, "percent_covered": 100.0, "percent_covered_display": "100", "missing_lines": 0, "excluded_lines": 0}, "missing_lines": [], "excluded_lines": []}}, "classes": {"MatchStrategy": {"executed_lines": [], "summary": {"covered_lines": 0, "num_statements": 0, "percent_covered": 100.0, "percent_covered_display": "100", "missing_lines": 0, "excluded_lines": 0}, "missing_lines": [], "excluded_lines": []}, "AppleMatcher": {"executed_lines": [36, 52, 53, 54, 56, 61, 72, 73, 74, 75, 77, 88, 89, 90, 91, 93, 104, 127, 128, 131, 132, 134, 135, 138, 139, 140, 143, 144, 146, 162, 163, 166, 167, 170, 171, 173, 174, 177, 178, 180, 181, 182, 183, 184, 185, 187, 188, 191, 193, 207, 210, 211, 214, 217, 220, 222, 223, 225, 237, 239, 241, 242, 247], "summary": {"covered_lines": 63, "num_statements": 65, "percent_covered": 96.92307692307692, "percent_covered_display": "97", "missing_lines": 2, "excluded_lines": 0}, "missing_lines": [240, 245], "excluded_lines": []}, "": {"executed_lines": [2, 9, 10, 11, 13, 15, 16, 19, 20, 22, 23, 26, 27, 29, 38, 113, 148, 195, 227, 262, 295], "summary": {"covered_lines": 18, "num_statements": 42, "percent_covered": 42.857142857142854, "percent_covered_display": "43", "missing_lines": 24, "excluded_lines": 0}, "missing_lines": [278, 279, 281, 283, 287, 288, 289, 290, 292, 305, 306, 308, 309, 312, 313, 314, 317, 318, 321, 322, 323, 324, 326, 337], "excluded_lines": []}}}, "src/finances/apple/parser.py": {"executed_lines": [2, 9, 10, 11, 12, 13, 14, 16, 18, 21, 22, 23, 25, 26, 27, 28, 29, 30, 33, 34, 35, 38, 39, 40, 41, 42, 45, 46, 47, 48, 51, 52, 55, 58, 59, 61, 63, 65, 67, 68, 71, 72, 79, 80, 81, 83, 94, 96, 97, 98, 99, 100, 102, 103, 104, 106, 109, 110, 113, 114, 117, 118, 119, 122, 131, 137, 139, 150, 152, 153, 156, 157, 160, 161, 162, 163, 166, 178, 180, 182, 184, 185, 188, 189, 192, 193, 215, 218, 221, 224, 225, 228, 229, 230, 233, 235, 237, 248, 249, 251, 253, 263, 264, 265, 266, 268, 270, 280, 281, 283, 285, 291, 292, 294, 296, 302, 303, 305, 307, 313, 314, 316, 318, 328, 329, 331, 333, 339, 340, 342, 344, 347, 354, 355, 356, 357, 358, 359, 360, 361, 365, 366, 368, 370, 373, 374, 375, 377, 378, 379, 381, 384, 385, 386, 387, 389, 390, 398, 400, 402, 405, 406, 421, 423, 425, 428, 430, 452, 454, 456, 459, 461, 483, 485, 487, 490, 496, 497, 498, 499, 500, 507, 508, 514, 517, 519, 520, 521, 522, 524, 526, 527, 528, 534, 535, 536, 547, 548, 549, 550, 551, 557, 558, 559, 560, 561, 562, 565, 567, 569, 570, 573, 581, 582, 583, 584, 585, 586, 587, 588, 593, 595, 597, 598, 599, 601, 603, 609, 610, 611, 612, 613, 615, 617, 622, 623, 624, 625, 626, 628, 629, 630, 632, 633, 638, 639, 641, 642, 643, 644, 645, 649, 651, 652, 654, 656, 660, 663, 664, 665, 666, 672, 674, 678, 685, 686, 687, 688, 689, 690], "summary": {"covered_lines": 266, "num_statements": 353, "percent_covered": 75.35410764872522, "percent_covered_display": "75", "missing_lines": 87, "excluded_lines": 0}, "missing_lines": [133, 134, 135, 174, 175, 176, 196, 204, 205, 206, 207, 209, 211, 212, 213, 362, 363, 407, 409, 410, 412, 413, 414, 415, 417, 431, 432, 435, 436, 437, 440, 441, 442, 443, 445, 446, 462, 463, 466, 467, 468, 471, 472, 473, 474, 476, 477, 502, 503, 504, 505, 509, 510, 511, 512, 515, 529, 530, 531, 532, 537, 538, 539, 541, 542, 545, 552, 553, 554, 555, 563, 571, 575, 576, 577, 578, 590, 591, 647, 657, 667, 668, 670, 675, 691, 692, 695], "excluded_lines": [], "functions": {"ParsedReceipt.to_dict": {"executed_lines": [63], "summary": {"covered_lines": 1, "num_statements": 1, "percent_covered": 100.0, "percent_covered_display": "100", "missing_lines": 0, "excluded_lines": 0}, "missing_lines": [], "excluded_lines": []}, "ParsedReceipt.add_item": {"executed_lines": [67, 68], "summary": {"covered_lines": 2, "num_statements": 2, "percent_covered": 100.0, "percent_covered_display": "100", "missing_lines": 0, "excluded_lines": 0}, "missing_lines": [], "excluded_lines": []}, "AppleReceiptParser.__init__": {"executed_lines": [80, 81], "summary": {"covered_lines": 2, "num_statements": 2, "percent_covered": 100.0, "percent_covered_display": "100", "missing_lines": 0, "excluded_lines": 0}, "missing_lines": [], "excluded_lines": []}, "AppleReceiptParser.parse_receipt": {"executed_lines": [94, 96, 97, 98, 99, 100, 102, 103, 104, 106, 109, 110, 113, 114, 117, 118, 119, 122, 131, 137], "summary": {"covered_lines": 20, "num_statements": 23, "percent_covered": 86.95652173913044, "percent_covered_display": "87", "missing_lines": 3, "excluded_lines": 0}, "missing_lines": [133, 134, 135], "excluded_lines": []}, "AppleReceiptParser.parse_html_content": {"executed_lines": [150, 152, 153, 156, 157, 160, 161, 162, 163, 166, 178], "summary": {"covered_lines": 11, "num_statements": 14, "percent_covered": 78.57142857142857, "percent_covered_display": "79", "missing_lines": 3, "excluded_lines": 0}, "missing_lines": [174, 175, 176], "excluded_lines": []}, "AppleReceiptParser._detect_format": {"executed_lines": [182, 184, 185, 188, 189, 192, 193], "summary": {"covered_lines": 7, "num_statements": 16, "percent_covered": 43.75, "percent_covered_display": "44", "missing_lines": 9, "excluded_lines": 0}, "missing_lines": [196, 204, 205, 206, 207, 209, 211, 212, 213], "excluded_lines": []}, "AppleReceiptParser._extract_metadata": {"executed_lines": [218, 221, 224, 225, 228, 229, 230, 233], "summary": {"covered_lines": 8, "num_statements": 8, "percent_covered": 100.0, "percent_covered_display": "100", "missing_lines": 0, "excluded_lines": 0}, "missing_lines": [], "excluded_lines": []}, "AppleReceiptParser._extract_apple_id": {"executed_lines": [237, 248, 249], "summary": {"covered_lines": 3, "num_statements": 3, "percent_covered": 100.0, "percent_covered_display": "100", "missing_lines": 0, "excluded_lines": 0}, "missing_lines": [], "excluded_lines": []}, "AppleReceiptParser._extract_receipt_date": {"executed_lines": [253, 263, 264, 265, 266], "summary": {"covered_lines": 5, "num_statements": 5, "percent_covered": 100.0, "percent_covered_display": "100", "missing_lines": 0, "excluded_lines": 0}, "missing_lines": [], "excluded_lines": []}, "AppleReceiptParser._extract_order_id": {"executed_lines": [270, 280, 281], "summary": {"covered_lines": 3, "num_statements": 3, "percent_covered": 100.0, "percent_covered_display": "100", "missing_lines": 0, "excluded_lines": 0}, "missing_lines": [], "excluded_lines": []}, "AppleReceiptParser._extract_document_number": {"executed_lines": [285, 291, 292], "summary": {"covered_lines": 3, "num_statements": 3, "percent_covered": 100.0, "percent_covered_display": "100", "missing_lines": 0, "excluded_lines": 0}, "missing_lines": [], "excluded_lines": []}, "AppleReceiptParser._extract_subtotal": {"executed_lines": [296, 302, 303], "summary": {"covered_lines": 3, "num_statements": 3, "percent_covered": 100.0, "percent_covered_display": "100", "missing_lines": 0, "excluded_lines": 0}, "missing_lines": [], "excluded_lines": []}, "AppleReceiptParser._extract_tax": {"executed_lines": [307, 313, 314], "summary": {"covered_lines": 3, "num_statements": 3, "percent_covered": 100.0, "percent_covered_display": "100", "missing_lines": 0, "excluded_lines": 0}, "missing_lines": [], "excluded_lines": []}, "AppleReceiptParser._extract_total": {"executed_lines": [318, 328, 329], "summary": {"covered_lines": 3, "num_statements": 3, "percent_covered": 100.0, "percent_covered_display": "100", "missing_lines": 0, "excluded_lines": 0}, "missing_lines": [], "excluded_lines": []}, "AppleReceiptParser._extract_payment_method": {"executed_lines": [333, 339, 340], "summary": {"covered_lines": 3, "num_statements": 3, "percent_covered": 100.0, "percent_covered_display": "100", "missing_lines": 0, "excluded_lines": 0}, "missing_lines": [], "excluded_lines": []}, "AppleReceiptParser._extract_items": {"executed_lines": [344, 347, 354, 355, 356, 357, 358, 359, 360, 361, 365, 366], "summary": {"covered_lines": 12, "num_statements": 14, "percent_covered": 85.71428571428571, "percent_covered_display": "86", "missing_lines": 2, "excluded_lines": 0}, "missing_lines": [362, 363], "excluded_lines": []}, "AppleReceiptParser._extract_items_table_based": {"executed_lines": [370, 373, 374, 375, 377, 378, 379, 381, 384, 385, 386, 387, 389, 390, 398], "summary": {"covered_lines": 15, "num_statements": 15, "percent_covered": 100.0, "percent_covered_display": "100", "missing_lines": 0, "excluded_lines": 0}, "missing_lines": [], "excluded_lines": []}, "AppleReceiptParser._extract_items_list_based": {"executed_lines": [402, 405, 406, 421], "summary": {"covered_lines": 4, "num_statements": 12, "percent_covered": 33.333333333333336, "percent_covered_display": "33", "missing_lines": 8, "excluded_lines": 0}, "missing_lines": [407, 409, 410, 412, 413, 414, 415, 417], "excluded_lines": []}, "AppleReceiptParser._extract_items_legacy_format": {"executed_lines": [425, 428, 430, 452], "summary": {"covered_lines": 4, "num_statements": 15, "percent_covered": 26.666666666666668, "percent_covered_display": "27", "missing_lines": 11, "excluded_lines": 0}, "missing_lines": [431, 432, 435, 436, 437, 440, 441, 442, 443, 445, 446], "excluded_lines": []}, "AppleReceiptParser._extract_items_modern_format": {"executed_lines": [456, 459, 461, 483], "summary": {"covered_lines": 4, "num_statements": 15, "percent_covered": 26.666666666666668, "percent_covered_display": "27", "missing_lines": 11, "excluded_lines": 0}, "missing_lines": [462, 463, 466, 467, 468, 471, 472, 473, 474, 476, 477], "excluded_lines": []}, "AppleReceiptParser._extract_billing_info": {"executed_lines": [487, 490, 496, 497, 498, 499, 500, 507, 508, 514], "summary": {"covered_lines": 10, "num_statements": 19, "percent_covered": 52.63157894736842, "percent_covered_display": "53", "missing_lines": 9, "excluded_lines": 0}, "missing_lines": [502, 503, 504, 505, 509, 510, 511, 512, 515], "excluded_lines": []}, "AppleReceiptParser._try_selectors": {"executed_lines": [519, 520, 521, 522, 524, 526, 527, 528, 534, 535, 536, 547, 548, 549, 550, 551, 557, 558, 559, 560, 561, 562, 565, 567, 569, 570, 573, 581, 582, 583, 584, 585, 586, 587, 588, 593], "summary": {"covered_lines": 36, "num_statements": 58, "percent_covered": 62.06896551724138, "percent_covered_display": "62", "missing_lines": 22, "excluded_lines": 0}, "missing_lines": [529, 530, 531, 532, 537, 538, 539, 541, 542, 545, 552, 553, 554, 555, 563, 571, 575, 576, 577, 578, 590, 591], "excluded_lines": []}, "AppleReceiptParser._extract_by_pattern": {"executed_lines": [597, 598, 599, 601, 603, 609, 610, 611, 612, 613, 615, 617, 622, 623, 624, 625, 626, 628, 629, 630, 632, 633, 638, 639, 641, 642, 643, 644, 645], "summary": {"covered_lines": 29, "num_statements": 30, "percent_covered": 96.66666666666667, "percent_covered_display": "97", "missing_lines": 1, "excluded_lines": 0}, "missing_lines": [647], "excluded_lines": []}, "AppleReceiptParser._is_currency": {"executed_lines": [651, 652], "summary": {"covered_lines": 2, "num_statements": 2, "percent_covered": 100.0, "percent_covered_display": "100", "missing_lines": 0, "excluded_lines": 0}, "missing_lines": [], "excluded_lines": []}, "AppleReceiptParser._parse_currency": {"executed_lines": [656, 660, 663, 664, 665, 666], "summary": {"covered_lines": 6, "num_statements": 10, "percent_covered": 60.0, "percent_covered_display": "60", "missing_lines": 4, "excluded_lines": 0}, "missing_lines": [657, 667, 668, 670], "excluded_lines": []}, "AppleReceiptParser._normalize_date": {"executed_lines": [674, 678, 685, 686, 687, 688, 689, 690], "summary": {"covered_lines": 8, "num_statements": 12, "percent_covered": 66.66666666666667, "percent_covered_display": "67", "missing_lines": 4, "excluded_lines": 0}, "missing_lines": [675, 691, 692, 695], "excluded_lines": []}, "": {"executed_lines": [2, 9, 10, 11, 12, 13, 14, 16, 18, 21, 22, 23, 25, 26, 27, 28, 29, 30, 33, 34, 35, 38, 39, 40, 41, 42, 45, 46, 47, 48, 51, 52, 55, 58, 59, 61, 65, 71, 72, 79, 83, 139, 180, 215, 235, 251, 268, 283, 294, 305, 316, 331, 342, 368, 400, 423, 454, 485, 517, 595, 649, 654, 672], "summary": {"covered_lines": 59, "num_statements": 59, "percent_covered": 100.0, "percent_covered_display": "100", "missing_lines": 0, "excluded_lines": 0}, "missing_lines": [], "excluded_lines": []}}, "classes": {"ParsedItem": {"executed_lines": [], "summary": {"covered_lines": 0, "num_statements": 0, "percent_covered": 100.0, "percent_covered_display": "100", "missing_lines": 0, "excluded_lines": 0}, "missing_lines": [], "excluded_lines": []}, "ParsedReceipt": {"executed_lines": [63, 67, 68], "summary": {"covered_lines": 3, "num_statements": 3, "percent_covered": 100.0, "percent_covered_display": "100", "missing_lines": 0, "excluded_lines": 0}, "missing_lines": [], "excluded_lines": []}, "AppleReceiptParser": {"executed_lines": [80, 81, 94, 96, 97, 98, 99, 100, 102, 103, 104, 106, 109, 110, 113, 114, 117, 118, 119, 122, 131, 137, 150, 152, 153, 156, 157, 160, 161, 162, 163, 166, 178, 182, 184, 185, 188, 189, 192, 193, 218, 221, 224, 225, 228, 229, 230, 233, 237, 248, 249, 253, 263, 264, 265, 266, 270, 280, 281, 285, 291, 292, 296, 302, 303, 307, 313, 314, 318, 328, 329, 333, 339, 340, 344, 347, 354, 355, 356, 357, 358, 359, 360, 361, 365, 366, 370, 373, 374, 375, 377, 378, 379, 381, 384, 385, 386, 387, 389, 390, 398, 402, 405, 406, 421, 425, 428, 430, 452, 456, 459, 461, 483, 487, 490, 496, 497, 498, 499, 500, 507, 508, 514, 519, 520, 521, 522, 524, 526, 527, 528, 534, 535, 536, 547, 548, 549, 550, 551, 557, 558, 559, 560, 561, 562, 565, 567, 569, 570, 573, 581, 582, 583, 584, 585, 586, 587, 588, 593, 597, 598, 599, 601, 603, 609, 610, 611, 612, 613, 615, 617, 622, 623, 624, 625, 626, 628, 629, 630, 632, 633, 638, 639, 641, 642, 643, 644, 645, 651, 652, 656, 660, 663, 664, 665, 666, 674, 678, 685, 686, 687, 688, 689, 690], "summary": {"covered_lines": 204, "num_statements": 291, "percent_covered": 70.10309278350516, "percent_covered_display": "70", "missing_lines": 87, "excluded_lines": 0}, "missing_lines": [133, 134, 135, 174, 175, 176, 196, 204, 205, 206, 207, 209, 211, 212, 213, 362, 363, 407, 409, 410, 412, 413, 414, 415, 417, 431, 432, 435, 436, 437, 440, 441, 442, 443, 445, 446, 462, 463, 466, 467, 468, 471, 472, 473, 474, 476, 477, 502, 503, 504, 505, 509, 510, 511, 512, 515, 529, 530, 531, 532, 537, 538, 539, 541, 542, 545, 552, 553, 554, 555, 563, 571, 575, 576, 577, 578, 590, 591, 647, 657, 667, 668, 670, 675, 691, 692, 695], "excluded_lines": []}, "": {"executed_lines": [2, 9, 10, 11, 12, 13, 14, 16, 18, 21, 22, 23, 25, 26, 27, 28, 29, 30, 33, 34, 35, 38, 39, 40, 41, 42, 45, 46, 47, 48, 51, 52, 55, 58, 59, 61, 65, 71, 72, 79, 83, 139, 180, 215, 235, 251, 268, 283, 294, 305, 316, 331, 342, 368, 400, 423, 454, 485, 517, 595, 649, 654, 672], "summary": {"covered_lines": 59, "num_statements": 59, "percent_covered": 100.0, "percent_covered_display": "100", "missing_lines": 0, "excluded_lines": 0}, "missing_lines": [], "excluded_lines": []}}}, "src/finances/cli/amazon.py": {"executed_lines": [2, 8, 9, 10, 12, 14, 15, 16, 17, 20, 21, 26, 27, 28, 29, 30, 31, 32, 33, 34, 113, 114, 115, 116, 117, 118, 119, 120, 121, 122, 193, 194, 195, 196, 197, 198, 199, 281], "summary": {"covered_lines": 36, "num_statements": 129, "percent_covered": 27.906976744186046, "percent_covered_display": "28", "missing_lines": 93, "excluded_lines": 2}, "missing_lines": [23, 50, 53, 55, 57, 58, 59, 60, 61, 62, 63, 65, 67, 68, 71, 73, 74, 78, 79, 82, 83, 86, 104, 106, 108, 109, 110, 139, 141, 142, 143, 144, 145, 146, 147, 148, 151, 159, 161, 164, 166, 167, 170, 178, 179, 180, 182, 185, 186, 188, 189, 190, 214, 217, 219, 221, 222, 223, 224, 225, 226, 229, 230, 232, 234, 235, 238, 239, 241, 242, 243, 244, 245, 246, 251, 254, 255, 256, 257, 260, 261, 262, 263, 266, 267, 268, 269, 272, 273, 274, 276, 277, 278], "excluded_lines": [281, 282], "functions": {"amazon": {"executed_lines": [], "summary": {"covered_lines": 0, "num_statements": 1, "percent_covered": 0.0, "percent_covered_display": "0", "missing_lines": 1, "excluded_lines": 0}, "missing_lines": [23], "excluded_lines": []}, "match": {"executed_lines": [], "summary": {"covered_lines": 0, "num_statements": 26, "percent_covered": 0.0, "percent_covered_display": "0", "missing_lines": 26, "excluded_lines": 0}, "missing_lines": [50, 53, 55, 57, 58, 59, 60, 61, 62, 63, 65, 67, 68, 71, 73, 74, 78, 79, 82, 83, 86, 104, 106, 108, 109, 110], "excluded_lines": []}, "match_single": {"executed_lines": [], "summary": {"covered_lines": 0, "num_statements": 25, "percent_covered": 0.0, "percent_covered_display": "0", "missing_lines": 25, "excluded_lines": 0}, "missing_lines": [139, 141, 142, 143, 144, 145, 146, 147, 148, 151, 159, 161, 164, 166, 167, 170, 178, 179, 180, 182, 185, 186, 188, 189, 190], "excluded_lines": []}, "unzip": {"executed_lines": [], "summary": {"covered_lines": 0, "num_statements": 41, "percent_covered": 0.0, "percent_covered_display": "0", "missing_lines": 41, "excluded_lines": 0}, "missing_lines": [214, 217, 219, 221, 222, 223, 224, 225, 226, 229, 230, 232, 234, 235, 238, 239, 241, 242, 243, 244, 245, 246, 251, 254, 255, 256, 257, 260, 261, 262, 263, 266, 267, 268, 269, 272, 273, 274, 276, 277, 278], "excluded_lines": []}, "": {"executed_lines": [2, 8, 9, 10, 12, 14, 15, 16, 17, 20, 21, 26, 27, 28, 29, 30, 31, 32, 33, 34, 113, 114, 115, 116, 117, 118, 119, 120, 121, 122, 193, 194, 195, 196, 197, 198, 199, 281], "summary": {"covered_lines": 36, "num_statements": 36, "percent_covered": 100.0, "percent_covered_display": "100", "missing_lines": 0, "excluded_lines": 2}, "missing_lines": [], "excluded_lines": [281, 282]}}, "classes": {"": {"executed_lines": [2, 8, 9, 10, 12, 14, 15, 16, 17, 20, 21, 26, 27, 28, 29, 30, 31, 32, 33, 34, 113, 114, 115, 116, 117, 118, 119, 120, 121, 122, 193, 194, 195, 196, 197, 198, 199, 281], "summary": {"covered_lines": 36, "num_statements": 129, "percent_covered": 27.906976744186046, "percent_covered_display": "28", "missing_lines": 93, "excluded_lines": 2}, "missing_lines": [23, 50, 53, 55, 57, 58, 59, 60, 61, 62, 63, 65, 67, 68, 71, 73, 74, 78, 79, 82, 83, 86, 104, 106, 108, 109, 110, 139, 141, 142, 143, 144, 145, 146, 147, 148, 151, 159, 161, 164, 166, 167, 170, 178, 179, 180, 182, 185, 186, 188, 189, 190, 214, 217, 219, 221, 222, 223, 224, 225, 226, 229, 230, 232, 234, 235, 238, 239, 241, 242, 243, 244, 245, 246, 251, 254, 255, 256, 257, 260, 261, 262, 263, 266, 267, 268, 269, 272, 273, 274, 276, 277, 278], "excluded_lines": [281, 282]}}}, "src/finances/cli/apple.py": {"executed_lines": [2, 8, 9, 10, 12, 14, 15, 16, 19, 20, 25, 26, 27, 28, 29, 30, 31, 32, 102, 103, 104, 105, 106, 107, 108, 109, 110, 111, 182, 183, 184, 185, 186, 187, 188, 228, 229, 230, 231, 232, 233, 328], "summary": {"covered_lines": 40, "num_statements": 158, "percent_covered": 25.31645569620253, "percent_covered_display": "25", "missing_lines": 118, "excluded_lines": 2}, "missing_lines": [22, 42, 45, 47, 49, 50, 51, 52, 53, 54, 56, 58, 61, 63, 64, 68, 69, 72, 73, 76, 93, 95, 97, 98, 99, 128, 130, 131, 132, 133, 134, 135, 136, 137, 140, 148, 150, 153, 155, 156, 159, 167, 168, 169, 171, 174, 175, 177, 178, 179, 197, 200, 202, 203, 204, 205, 206, 207, 209, 211, 212, 213, 214, 216, 219, 221, 223, 224, 225, 240, 242, 243, 244, 247, 249, 251, 252, 253, 254, 255, 257, 258, 261, 263, 264, 265, 267, 269, 270, 271, 273, 274, 276, 279, 281, 282, 283, 285, 286, 290, 291, 292, 294, 296, 297, 298, 301, 302, 304, 315, 317, 318, 319, 320, 321, 323, 324, 325], "excluded_lines": [328, 329], "functions": {"apple": {"executed_lines": [], "summary": {"covered_lines": 0, "num_statements": 1, "percent_covered": 0.0, "percent_covered_display": "0", "missing_lines": 1, "excluded_lines": 0}, "missing_lines": [22], "excluded_lines": []}, "match": {"executed_lines": [], "summary": {"covered_lines": 0, "num_statements": 24, "percent_covered": 0.0, "percent_covered_display": "0", "missing_lines": 24, "excluded_lines": 0}, "missing_lines": [42, 45, 47, 49, 50, 51, 52, 53, 54, 56, 58, 61, 63, 64, 68, 69, 72, 73, 76, 93, 95, 97, 98, 99], "excluded_lines": []}, "match_single": {"executed_lines": [], "summary": {"covered_lines": 0, "num_statements": 25, "percent_covered": 0.0, "percent_covered_display": "0", "missing_lines": 25, "excluded_lines": 0}, "missing_lines": [128, 130, 131, 132, 133, 134, 135, 136, 137, 140, 148, 150, 153, 155, 156, 159, 167, 168, 169, 171, 174, 175, 177, 178, 179], "excluded_lines": []}, "fetch_emails": {"executed_lines": [], "summary": {"covered_lines": 0, "num_statements": 19, "percent_covered": 0.0, "percent_covered_display": "0", "missing_lines": 19, "excluded_lines": 0}, "missing_lines": [197, 200, 202, 203, 204, 205, 206, 207, 209, 211, 212, 213, 214, 216, 219, 221, 223, 224, 225], "excluded_lines": []}, "parse_receipts": {"executed_lines": [], "summary": {"covered_lines": 0, "num_statements": 49, "percent_covered": 0.0, "percent_covered_display": "0", "missing_lines": 49, "excluded_lines": 0}, "missing_lines": [240, 242, 243, 244, 247, 249, 251, 252, 253, 254, 255, 257, 258, 261, 263, 264, 265, 267, 269, 270, 271, 273, 274, 276, 279, 281, 282, 283, 285, 286, 290, 291, 292, 294, 296, 297, 298, 301, 302, 304, 315, 317, 318, 319, 320, 321, 323, 324, 325], "excluded_lines": []}, "": {"executed_lines": [2, 8, 9, 10, 12, 14, 15, 16, 19, 20, 25, 26, 27, 28, 29, 30, 31, 32, 102, 103, 104, 105, 106, 107, 108, 109, 110, 111, 182, 183, 184, 185, 186, 187, 188, 228, 229, 230, 231, 232, 233, 328], "summary": {"covered_lines": 40, "num_statements": 40, "percent_covered": 100.0, "percent_covered_display": "100", "missing_lines": 0, "excluded_lines": 2}, "missing_lines": [], "excluded_lines": [328, 329]}}, "classes": {"": {"executed_lines": [2, 8, 9, 10, 12, 14, 15, 16, 19, 20, 25, 26, 27, 28, 29, 30, 31, 32, 102, 103, 104, 105, 106, 107, 108, 109, 110, 111, 182, 183, 184, 185, 186, 187, 188, 228, 229, 230, 231, 232, 233, 328], "summary": {"covered_lines": 40, "num_statements": 158, "percent_covered": 25.31645569620253, "percent_covered_display": "25", "missing_lines": 118, "excluded_lines": 2}, "missing_lines": [22, 42, 45, 47, 49, 50, 51, 52, 53, 54, 56, 58, 61, 63, 64, 68, 69, 72, 73, 76, 93, 95, 97, 98, 99, 128, 130, 131, 132, 133, 134, 135, 136, 137, 140, 148, 150, 153, 155, 156, 159, 167, 168, 169, 171, 174, 175, 177, 178, 179, 197, 200, 202, 203, 204, 205, 206, 207, 209, 211, 212, 213, 214, 216, 219, 221, 223, 224, 225, 240, 242, 243, 244, 247, 249, 251, 252, 253, 254, 255, 257, 258, 261, 263, 264, 265, 267, 269, 270, 271, 273, 274, 276, 279, 281, 282, 283, 285, 286, 290, 291, 292, 294, 296, 297, 298, 301, 302, 304, 315, 317, 318, 319, 320, 321, 323, 324, 325], "excluded_lines": [328, 329]}}}, "src/finances/cli/cashflow.py": {"executed_lines": [2, 8, 9, 11, 13, 14, 17, 18, 23, 24, 25, 26, 27, 28, 29, 32, 33, 34, 130, 131, 137, 138, 139, 140, 141, 147, 148, 149, 214, 215, 216, 219, 220, 221, 266], "summary": {"covered_lines": 33, "num_statements": 128, "percent_covered": 25.78125, "percent_covered_display": "26", "missing_lines": 95, "excluded_lines": 2}, "missing_lines": [20, 53, 56, 57, 58, 60, 62, 63, 64, 66, 69, 71, 73, 74, 75, 76, 77, 78, 79, 80, 81, 83, 85, 92, 95, 97, 98, 99, 100, 102, 103, 105, 106, 109, 111, 114, 115, 116, 117, 118, 119, 121, 122, 123, 125, 126, 127, 167, 170, 172, 174, 175, 176, 177, 178, 179, 180, 181, 182, 183, 184, 186, 187, 188, 191, 192, 195, 203, 204, 205, 207, 209, 210, 211, 228, 230, 231, 232, 233, 234, 236, 237, 238, 241, 251, 252, 253, 255, 256, 257, 258, 259, 261, 262, 263], "excluded_lines": [266, 267], "functions": {"cashflow": {"executed_lines": [], "summary": {"covered_lines": 0, "num_statements": 1, "percent_covered": 0.0, "percent_covered_display": "0", "missing_lines": 1, "excluded_lines": 0}, "missing_lines": [20], "excluded_lines": []}, "analyze": {"executed_lines": [], "summary": {"covered_lines": 0, "num_statements": 46, "percent_covered": 0.0, "percent_covered_display": "0", "missing_lines": 46, "excluded_lines": 0}, "missing_lines": [53, 56, 57, 58, 60, 62, 63, 64, 66, 69, 71, 73, 74, 75, 76, 77, 78, 79, 80, 81, 83, 85, 92, 95, 97, 98, 99, 100, 102, 103, 105, 106, 109, 111, 114, 115, 116, 117, 118, 119, 121, 122, 123, 125, 126, 127], "excluded_lines": []}, "report": {"executed_lines": [], "summary": {"covered_lines": 0, "num_statements": 27, "percent_covered": 0.0, "percent_covered_display": "0", "missing_lines": 27, "excluded_lines": 0}, "missing_lines": [167, 170, 172, 174, 175, 176, 177, 178, 179, 180, 181, 182, 183, 184, 186, 187, 188, 191, 192, 195, 203, 204, 205, 207, 209, 210, 211], "excluded_lines": []}, "forecast": {"executed_lines": [], "summary": {"covered_lines": 0, "num_statements": 21, "percent_covered": 0.0, "percent_covered_display": "0", "missing_lines": 21, "excluded_lines": 0}, "missing_lines": [228, 230, 231, 232, 233, 234, 236, 237, 238, 241, 251, 252, 253, 255, 256, 257, 258, 259, 261, 262, 263], "excluded_lines": []}, "": {"executed_lines": [2, 8, 9, 11, 13, 14, 17, 18, 23, 24, 25, 26, 27, 28, 29, 32, 33, 34, 130, 131, 137, 138, 139, 140, 141, 147, 148, 149, 214, 215, 216, 219, 220, 221, 266], "summary": {"covered_lines": 33, "num_statements": 33, "percent_covered": 100.0, "percent_covered_display": "100", "missing_lines": 0, "excluded_lines": 2}, "missing_lines": [], "excluded_lines": [266, 267]}}, "classes": {"": {"executed_lines": [2, 8, 9, 11, 13, 14, 17, 18, 23, 24, 25, 26, 27, 28, 29, 32, 33, 34, 130, 131, 137, 138, 139, 140, 141, 147, 148, 149, 214, 215, 216, 219, 220, 221, 266], "summary": {"covered_lines": 33, "num_statements": 128, "percent_covered": 25.78125, "percent_covered_display": "26", "missing_lines": 95, "excluded_lines": 2}, "missing_lines": [20, 53, 56, 57, 58, 60, 62, 63, 64, 66, 69, 71, 73, 74, 75, 76, 77, 78, 79, 80, 81, 83, 85, 92, 95, 97, 98, 99, 100, 102, 103, 105, 106, 109, 111, 114, 115, 116, 117, 118, 119, 121, 122, 123, 125, 126, 127, 167, 170, 172, 174, 175, 176, 177, 178, 179, 180, 181, 182, 183, 184, 186, 187, 188, 191, 192, 195, 203, 204, 205, 207, 209, 210, 211, 228, 230, 231, 232, 233, 234, 236, 237, 238, 241, 251, 252, 253, 255, 256, 257, 258, 259, 261, 262, 263], "excluded_lines": [266, 267]}}}, "src/finances/cli/flow.py": {"executed_lines": [2, 9, 11, 12, 13, 14, 15, 16, 18, 20, 21, 22, 23, 24, 26, 29, 32, 33, 35, 38, 50, 52, 53, 58, 65, 66, 69, 70, 71, 74, 77, 80, 81, 82, 83, 84, 86, 97, 98, 100, 103, 106, 107, 110, 111, 118, 121, 122, 126, 129, 130, 135, 140, 148, 149, 150, 151, 155, 158, 166, 188, 196, 211, 219, 229, 237, 240, 243, 244, 249, 251, 259, 267, 328, 336, 359, 367, 375, 390, 393, 394, 399, 400, 401, 407, 408, 409, 410, 411, 412, 413, 414, 446, 449, 450, 457, 461, 464, 475, 476, 477, 478, 479, 481, 483, 484, 486, 488, 491, 492, 499, 502, 504, 505, 506, 508, 509, 510, 511, 512, 514, 516, 517, 518, 519, 522, 524, 530, 535, 536, 537, 538, 539, 540, 541, 542, 543, 546, 547, 548, 550, 551, 552, 555, 560, 561, 562, 563, 564, 574, 578, 581, 582, 586, 587, 589, 591, 592, 595, 596, 597, 599, 601, 602, 603, 604, 605, 606, 608, 614, 630, 631, 632, 633, 639, 645, 653, 657, 658, 660, 661, 663, 665, 674, 675, 676, 677, 687, 689, 693, 694, 695, 697, 703, 706, 707, 709, 722, 723, 726, 727, 728, 739, 741, 742, 743, 744, 746, 748, 753, 754, 759, 763, 764, 766, 768, 769, 770, 772, 773, 774, 775, 776, 777, 779, 780, 782, 784, 785, 792], "summary": {"covered_lines": 228, "num_statements": 352, "percent_covered": 64.77272727272727, "percent_covered_display": "65", "missing_lines": 124, "excluded_lines": 2}, "missing_lines": [27, 51, 55, 112, 113, 114, 115, 116, 137, 142, 168, 170, 171, 172, 174, 175, 176, 177, 178, 179, 180, 182, 198, 200, 203, 204, 205, 207, 245, 270, 273, 274, 275, 279, 282, 283, 284, 285, 292, 293, 294, 297, 298, 299, 300, 307, 308, 309, 314, 316, 321, 322, 339, 342, 343, 344, 346, 347, 348, 351, 353, 451, 452, 453, 454, 455, 456, 458, 480, 482, 493, 494, 495, 496, 520, 525, 526, 527, 528, 556, 557, 583, 609, 610, 611, 615, 616, 617, 621, 623, 624, 625, 626, 627, 634, 646, 647, 648, 649, 650, 654, 655, 666, 667, 668, 670, 671, 690, 691, 698, 699, 700, 701, 710, 711, 713, 714, 715, 717, 718, 719, 787, 788, 789], "excluded_lines": [792, 793], "functions": {"flow": {"executed_lines": [35], "summary": {"covered_lines": 1, "num_statements": 1, "percent_covered": 100.0, "percent_covered_display": "100", "missing_lines": 0, "excluded_lines": 0}, "missing_lines": [], "excluded_lines": []}, "safe_get_callable_name": {"executed_lines": [50, 52, 53], "summary": {"covered_lines": 3, "num_statements": 5, "percent_covered": 60.0, "percent_covered_display": "60", "missing_lines": 2, "excluded_lines": 0}, "missing_lines": [51, 55], "excluded_lines": []}, "setup_flow_nodes": {"executed_lines": [65, 66, 69, 70, 71, 74, 77, 80, 81, 82, 83, 84, 86, 158, 166, 188, 196, 211, 219, 229, 237, 251, 259, 267, 328, 336, 359, 367, 375, 390], "summary": {"covered_lines": 30, "num_statements": 30, "percent_covered": 100.0, "percent_covered_display": "100", "missing_lines": 0, "excluded_lines": 0}, "missing_lines": [], "excluded_lines": []}, "setup_flow_nodes.create_cli_executor": {"executed_lines": [97, 155], "summary": {"covered_lines": 2, "num_statements": 2, "percent_covered": 100.0, "percent_covered_display": "100", "missing_lines": 0, "excluded_lines": 0}, "missing_lines": [], "excluded_lines": []}, "setup_flow_nodes.create_cli_executor.executor": {"executed_lines": [98, 100, 103, 106, 107, 110, 111, 118, 121, 122, 126, 129, 130, 135, 140, 148, 149, 150, 151], "summary": {"covered_lines": 19, "num_statements": 26, "percent_covered": 73.07692307692308, "percent_covered_display": "73", "missing_lines": 7, "excluded_lines": 0}, "missing_lines": [112, 113, 114, 115, 116, 137, 142], "excluded_lines": []}, "setup_flow_nodes.amazon_order_history_request_executor": {"executed_lines": [], "summary": {"covered_lines": 0, "num_statements": 12, "percent_covered": 0.0, "percent_covered_display": "0", "missing_lines": 12, "excluded_lines": 0}, "missing_lines": [168, 170, 171, 172, 174, 175, 176, 177, 178, 179, 180, 182], "excluded_lines": []}, "setup_flow_nodes.amazon_unzip_executor": {"executed_lines": [], "summary": {"covered_lines": 0, "num_statements": 6, "percent_covered": 0.0, "percent_covered_display": "0", "missing_lines": 6, "excluded_lines": 0}, "missing_lines": [198, 200, 203, 204, 205, 207], "excluded_lines": []}, "setup_flow_nodes.apple_receipt_parsing_executor": {"executed_lines": [240, 243, 244, 249], "summary": {"covered_lines": 4, "num_statements": 5, "percent_covered": 80.0, "percent_covered_display": "80", "missing_lines": 1, "excluded_lines": 0}, "missing_lines": [245], "excluded_lines": []}, "setup_flow_nodes.split_generation_executor": {"executed_lines": [], "summary": {"covered_lines": 0, "num_statements": 23, "percent_covered": 0.0, "percent_covered_display": "0", "missing_lines": 23, "excluded_lines": 0}, "missing_lines": [270, 273, 274, 275, 279, 282, 283, 284, 285, 292, 293, 294, 297, 298, 299, 300, 307, 308, 309, 314, 316, 321, 322], "excluded_lines": []}, "setup_flow_nodes.ynab_apply_executor": {"executed_lines": [], "summary": {"covered_lines": 0, "num_statements": 9, "percent_covered": 0.0, "percent_covered_display": "0", "missing_lines": 9, "excluded_lines": 0}, "missing_lines": [339, 342, 343, 344, 346, 347, 348, 351, 353], "excluded_lines": []}, "go": {"executed_lines": [446, 449, 450, 457, 461, 464, 475, 476, 477, 478, 479, 481, 483, 484, 486, 488, 491, 492, 499, 502, 504, 505, 506, 508, 509, 510, 511, 512, 514, 516, 517, 518, 519, 522, 524, 530, 535, 536, 537, 538, 539, 540, 541, 542, 543, 546, 547, 548, 550, 551, 552, 555, 560, 561, 562, 563, 564, 574, 578, 581, 582, 586, 587, 589, 591, 592, 595, 596, 597, 599, 601, 602, 603, 604, 605, 606, 608, 614, 630, 631, 632, 633, 639, 645, 653, 657, 658, 660, 661, 663, 665], "summary": {"covered_lines": 91, "num_statements": 137, "percent_covered": 66.42335766423358, "percent_covered_display": "66", "missing_lines": 46, "excluded_lines": 0}, "missing_lines": [451, 452, 453, 454, 455, 456, 458, 480, 482, 493, 494, 495, 496, 520, 525, 526, 527, 528, 556, 557, 583, 609, 610, 611, 615, 616, 617, 621, 623, 624, 625, 626, 627, 634, 646, 647, 648, 649, 650, 654, 655, 666, 667, 668, 670, 671], "excluded_lines": []}, "validate": {"executed_lines": [687, 689, 693, 694, 695, 697, 703, 706, 707, 709], "summary": {"covered_lines": 10, "num_statements": 24, "percent_covered": 41.666666666666664, "percent_covered_display": "42", "missing_lines": 14, "excluded_lines": 0}, "missing_lines": [690, 691, 698, 699, 700, 701, 710, 711, 713, 714, 715, 717, 718, 719], "excluded_lines": []}, "graph": {"executed_lines": [739, 741, 742, 743, 744, 746, 748, 753, 754, 759, 763, 764, 766, 768, 769, 770, 772, 773, 774, 775, 776, 777, 779, 780, 782, 784, 785], "summary": {"covered_lines": 27, "num_statements": 30, "percent_covered": 90.0, "percent_covered_display": "90", "missing_lines": 3, "excluded_lines": 0}, "missing_lines": [787, 788, 789], "excluded_lines": []}, "": {"executed_lines": [2, 9, 11, 12, 13, 14, 15, 16, 18, 20, 21, 22, 23, 24, 26, 29, 32, 33, 38, 58, 393, 394, 399, 400, 401, 407, 408, 409, 410, 411, 412, 413, 414, 674, 675, 676, 677, 722, 723, 726, 727, 728, 792], "summary": {"covered_lines": 41, "num_statements": 42, "percent_covered": 97.61904761904762, "percent_covered_display": "98", "missing_lines": 1, "excluded_lines": 2}, "missing_lines": [27], "excluded_lines": [792, 793]}}, "classes": {"": {"executed_lines": [2, 9, 11, 12, 13, 14, 15, 16, 18, 20, 21, 22, 23, 24, 26, 29, 32, 33, 35, 38, 50, 52, 53, 58, 65, 66, 69, 70, 71, 74, 77, 80, 81, 82, 83, 84, 86, 97, 98, 100, 103, 106, 107, 110, 111, 118, 121, 122, 126, 129, 130, 135, 140, 148, 149, 150, 151, 155, 158, 166, 188, 196, 211, 219, 229, 237, 240, 243, 244, 249, 251, 259, 267, 328, 336, 359, 367, 375, 390, 393, 394, 399, 400, 401, 407, 408, 409, 410, 411, 412, 413, 414, 446, 449, 450, 457, 461, 464, 475, 476, 477, 478, 479, 481, 483, 484, 486, 488, 491, 492, 499, 502, 504, 505, 506, 508, 509, 510, 511, 512, 514, 516, 517, 518, 519, 522, 524, 530, 535, 536, 537, 538, 539, 540, 541, 542, 543, 546, 547, 548, 550, 551, 552, 555, 560, 561, 562, 563, 564, 574, 578, 581, 582, 586, 587, 589, 591, 592, 595, 596, 597, 599, 601, 602, 603, 604, 605, 606, 608, 614, 630, 631, 632, 633, 639, 645, 653, 657, 658, 660, 661, 663, 665, 674, 675, 676, 677, 687, 689, 693, 694, 695, 697, 703, 706, 707, 709, 722, 723, 726
[...]
cent_covered_display": "100", "missing_lines": 0, "excluded_lines": 0}, "missing_lines": [], "excluded_lines": []}, "format_json": {"executed_lines": [], "summary": {"covered_lines": 0, "num_statements": 1, "percent_covered": 0.0, "percent_covered_display": "0", "missing_lines": 1, "excluded_lines": 0}, "missing_lines": [58], "excluded_lines": []}, "write_json_with_defaults": {"executed_lines": [70, 71, 73, 74], "summary": {"covered_lines": 4, "num_statements": 4, "percent_covered": 100.0, "percent_covered_display": "100", "missing_lines": 0, "excluded_lines": 0}, "missing_lines": [], "excluded_lines": []}, "": {"executed_lines": [2, 10, 11, 12, 15, 32, 46, 61], "summary": {"covered_lines": 7, "num_statements": 7, "percent_covered": 100.0, "percent_covered_display": "100", "missing_lines": 0, "excluded_lines": 0}, "missing_lines": [], "excluded_lines": []}}, "classes": {"": {"executed_lines": [2, 10, 11, 12, 15, 25, 26, 28, 29, 32, 42, 43, 46, 61, 70, 71, 73, 74], "summary": {"covered_lines": 17, "num_statements": 18, "percent_covered": 94.44444444444444, "percent_covered_display": "94", "missing_lines": 1, "excluded_lines": 0}, "missing_lines": [58], "excluded_lines": []}}}, "src/finances/core/models.py": {"executed_lines": [2, 9, 10, 11, 12, 15, 16, 18, 19, 20, 23, 24, 26, 27, 28, 29, 32, 33, 34, 41, 42, 43, 44, 45, 48, 49, 50, 51, 52, 55, 56, 57, 59, 62, 75, 76, 85, 86, 92, 93, 100, 101, 102, 109, 110, 111, 112, 115, 116, 117, 118, 121, 124, 125, 126, 128, 131, 144, 145, 149, 150, 157, 158, 159, 166, 167, 168, 169, 172, 173, 174, 177, 178, 179, 180, 182, 183, 194, 195, 203, 204, 209, 210, 211, 218, 219, 220, 223, 224, 225, 226, 229, 230, 232, 233, 242, 243, 244, 251, 252, 255, 256, 257, 258, 259, 262, 263, 265, 266, 273, 274, 275, 281, 282, 283, 284, 287, 288, 289, 292, 294, 295, 301, 302, 310, 311, 312, 313, 314, 318, 329, 340], "summary": {"covered_lines": 123, "num_statements": 180, "percent_covered": 68.33333333333333, "percent_covered_display": "68", "missing_lines": 57, "excluded_lines": 0}, "missing_lines": [63, 64, 65, 66, 68, 69, 70, 71, 72, 73, 78, 79, 80, 81, 83, 88, 90, 95, 97, 132, 133, 134, 135, 137, 138, 139, 140, 141, 142, 147, 152, 154, 185, 186, 187, 188, 189, 190, 192, 197, 206, 235, 236, 237, 239, 268, 269, 270, 297, 298, 299, 304, 305, 306, 320, 331, 342], "excluded_lines": [], "functions": {"Transaction.__post_init__": {"executed_lines": [62], "summary": {"covered_lines": 1, "num_statements": 11, "percent_covered": 9.090909090909092, "percent_covered_display": "9", "missing_lines": 10, "excluded_lines": 0}, "missing_lines": [63, 64, 65, 66, 68, 69, 70, 71, 72, 73], "excluded_lines": []}, "Transaction.transaction_type": {"executed_lines": [], "summary": {"covered_lines": 0, "num_statements": 5, "percent_covered": 0.0, "percent_covered_display": "0", "missing_lines": 5, "excluded_lines": 0}, "missing_lines": [78, 79, 80, 81, 83], "excluded_lines": []}, "Transaction.amount_cents": {"executed_lines": [], "summary": {"covered_lines": 0, "num_statements": 2, "percent_covered": 0.0, "percent_covered_display": "0", "missing_lines": 2, "excluded_lines": 0}, "missing_lines": [88, 90], "excluded_lines": []}, "Transaction.amount_dollars": {"executed_lines": [], "summary": {"covered_lines": 0, "num_statements": 2, "percent_covered": 0.0, "percent_covered_display": "0", "missing_lines": 2, "excluded_lines": 0}, "missing_lines": [95, 97], "excluded_lines": []}, "Receipt.__post_init__": {"executed_lines": [131], "summary": {"covered_lines": 1, "num_statements": 11, "percent_covered": 9.090909090909092, "percent_covered_display": "9", "missing_lines": 10, "excluded_lines": 0}, "missing_lines": [132, 133, 134, 135, 137, 138, 139, 140, 141, 142], "excluded_lines": []}, "Receipt.item_count": {"executed_lines": [], "summary": {"covered_lines": 0, "num_statements": 1, "percent_covered": 0.0, "percent_covered_display": "0", "missing_lines": 1, "excluded_lines": 0}, "missing_lines": [147], "excluded_lines": []}, "Receipt.total_dollars": {"executed_lines": [], "summary": {"covered_lines": 0, "num_statements": 2, "percent_covered": 0.0, "percent_covered_display": "0", "missing_lines": 2, "excluded_lines": 0}, "missing_lines": [152, 154], "excluded_lines": []}, "MatchResult.confidence_level": {"executed_lines": [], "summary": {"covered_lines": 0, "num_statements": 7, "percent_covered": 0.0, "percent_covered_display": "0", "missing_lines": 7, "excluded_lines": 0}, "missing_lines": [185, 186, 187, 188, 189, 190, 192], "excluded_lines": []}, "MatchResult.is_exact_match": {"executed_lines": [], "summary": {"covered_lines": 0, "num_statements": 1, "percent_covered": 0.0, "percent_covered_display": "0", "missing_lines": 1, "excluded_lines": 0}, "missing_lines": [197], "excluded_lines": []}, "MatchResult.total_receipt_amount": {"executed_lines": [], "summary": {"covered_lines": 0, "num_statements": 1, "percent_covered": 0.0, "percent_covered_display": "0", "missing_lines": 1, "excluded_lines": 0}, "missing_lines": [206], "excluded_lines": []}, "Account.balance_dollars": {"executed_lines": [], "summary": {"covered_lines": 0, "num_statements": 4, "percent_covered": 0.0, "percent_covered_display": "0", "missing_lines": 4, "excluded_lines": 0}, "missing_lines": [235, 236, 237, 239], "excluded_lines": []}, "Category.full_name": {"executed_lines": [], "summary": {"covered_lines": 0, "num_statements": 3, "percent_covered": 0.0, "percent_covered_display": "0", "missing_lines": 3, "excluded_lines": 0}, "missing_lines": [268, 269, 270], "excluded_lines": []}, "ProcessingResult.success_rate": {"executed_lines": [], "summary": {"covered_lines": 0, "num_statements": 3, "percent_covered": 0.0, "percent_covered_display": "0", "missing_lines": 3, "excluded_lines": 0}, "missing_lines": [297, 298, 299], "excluded_lines": []}, "ProcessingResult.error_rate": {"executed_lines": [], "summary": {"covered_lines": 0, "num_statements": 3, "percent_covered": 0.0, "percent_covered_display": "0", "missing_lines": 3, "excluded_lines": 0}, "missing_lines": [304, 305, 306], "excluded_lines": []}, "validate_transaction": {"executed_lines": [], "summary": {"covered_lines": 0, "num_statements": 1, "percent_covered": 0.0, "percent_covered_display": "0", "missing_lines": 1, "excluded_lines": 0}, "missing_lines": [320], "excluded_lines": []}, "validate_receipt": {"executed_lines": [], "summary": {"covered_lines": 0, "num_statements": 1, "percent_covered": 0.0, "percent_covered_display": "0", "missing_lines": 1, "excluded_lines": 0}, "missing_lines": [331], "excluded_lines": []}, "validate_match_result": {"executed_lines": [], "summary": {"covered_lines": 0, "num_statements": 1, "percent_covered": 0.0, "percent_covered_display": "0", "missing_lines": 1, "excluded_lines": 0}, "missing_lines": [342], "excluded_lines": []}, "": {"executed_lines": [2, 9, 10, 11, 12, 15, 16, 18, 19, 20, 23, 24, 26, 27, 28, 29, 32, 33, 34, 41, 42, 43, 44, 45, 48, 49, 50, 51, 52, 55, 56, 57, 59, 75, 76, 85, 86, 92, 93, 100, 101, 102, 109, 110, 111, 112, 115, 116, 117, 118, 121, 124, 125, 126, 128, 144, 145, 149, 150, 157, 158, 159, 166, 167, 168, 169, 172, 173, 174, 177, 178, 179, 180, 182, 183, 194, 195, 203, 204, 209, 210, 211, 218, 219, 220, 223, 224, 225, 226, 229, 230, 232, 233, 242, 243, 244, 251, 252, 255, 256, 257, 258, 259, 262, 263, 265, 266, 273, 274, 275, 281, 282, 283, 284, 287, 288, 289, 292, 294, 295, 301, 302, 310, 311, 312, 313, 314, 318, 329, 340], "summary": {"covered_lines": 121, "num_statements": 121, "percent_covered": 100.0, "percent_covered_display": "100", "missing_lines": 0, "excluded_lines": 0}, "missing_lines": [], "excluded_lines": []}}, "classes": {"TransactionType": {"executed_lines": [], "summary": {"covered_lines": 0, "num_statements": 0, "percent_covered": 100.0, "percent_covered_display": "100", "missing_lines": 0, "excluded_lines": 0}, "missing_lines": [], "excluded_lines": []}, "MatchConfidence": {"executed_lines": [], "summary": {"covered_lines": 0, "num_statements": 0, "percent_covered": 100.0, "percent_covered_display": "100", "missing_lines": 0, "excluded_lines": 0}, "missing_lines": [], "excluded_lines": []}, "Transaction": {"executed_lines": [62], "summary": {"covered_lines": 1, "num_statements": 20, "percent_covered": 5.0, "percent_covered_display": "5", "missing_lines": 19, "excluded_lines": 0}, "missing_lines": [63, 64, 65, 66, 68, 69, 70, 71, 72, 73, 78, 79, 80, 81, 83, 88, 90, 95, 97], "excluded_lines": []}, "Receipt": {"executed_lines": [131], "summary": {"covered_lines": 1, "num_statements": 14, "percent_covered": 7.142857142857143, "percent_covered_display": "7", "missing_lines": 13, "excluded_lines": 0}, "missing_lines": [132, 133, 134, 135, 137, 138, 139, 140, 141, 142, 147, 152, 154], "excluded_lines": []}, "MatchResult": {"executed_lines": [], "summary": {"covered_lines": 0, "num_statements": 9, "percent_covered": 0.0, "percent_covered_display": "0", "missing_lines": 9, "excluded_lines": 0}, "missing_lines": [185, 186, 187, 188, 189, 190, 192, 197, 206], "excluded_lines": []}, "Account": {"executed_lines": [], "summary": {"covered_lines": 0, "num_statements": 4, "percent_covered": 0.0, "percent_covered_display": "0", "missing_lines": 4, "excluded_lines": 0}, "missing_lines": [235, 236, 237, 239], "excluded_lines": []}, "Category": {"executed_lines": [], "summary": {"covered_lines": 0, "num_statements": 3, "percent_covered": 0.0, "percent_covered_display": "0", "missing_lines": 3, "excluded_lines": 0}, "missing_lines": [268, 269, 270], "excluded_lines": []}, "ProcessingResult": {"executed_lines": [], "summary": {"covered_lines": 0, "num_statements": 6, "percent_covered": 0.0, "percent_covered_display": "0", "missing_lines": 6, "excluded_lines": 0}, "missing_lines": [297, 298, 299, 304, 305, 306], "excluded_lines": []}, "": {"executed_lines": [2, 9, 10, 11, 12, 15, 16, 18, 19, 20, 23, 24, 26, 27, 28, 29, 32, 33, 34, 41, 42, 43, 44, 45, 48, 49, 50, 51, 52, 55, 56, 57, 59, 75, 76, 85, 86, 92, 93, 100, 101, 102, 109, 110, 111, 112, 115, 116, 117, 118, 121, 124, 125, 126, 128, 144, 145, 149, 150, 157, 158, 159, 166, 167, 168, 169, 172, 173, 174, 177, 178, 179, 180, 182, 183, 194, 195, 203, 204, 209, 210, 211, 218, 219, 220, 223, 224, 225, 226, 229, 230, 232, 233, 242, 243, 244, 251, 252, 255, 256, 257, 258, 259, 262, 263, 265, 266, 273, 274, 275, 281, 282, 283, 284, 287, 288, 289, 292, 294, 295, 301, 302, 310, 311, 312, 313, 314, 318, 329, 340], "summary": {"covered_lines": 121, "num_statements": 124, "percent_covered": 97.58064516129032, "percent_covered_display": "98", "missing_lines": 3, "excluded_lines": 0}, "missing_lines": [320, 331, 342], "excluded_lines": []}}}, "src/finances/ynab/retirement.py": {"executed_lines": [2, 9, 10, 11, 12, 13, 15, 16, 18, 21, 22, 23, 25, 26, 27, 28, 29, 31, 32, 34, 36, 37, 39, 41, 42, 45, 46, 48, 50, 51, 52, 53, 55, 56, 58, 59, 60, 61, 63, 64, 65, 66, 67, 68, 70, 73, 74, 81, 88, 89, 90, 91, 93, 105, 107, 111, 112, 113, 116, 133, 135, 136, 142, 156, 157, 160, 161, 163, 164, 165, 168, 191, 192, 194, 204, 205, 206, 209, 210, 213, 226, 228, 229, 230, 231, 232, 234, 237, 247, 248, 251, 262, 265, 266, 269, 270, 271, 272, 273, 274, 275, 278, 279], "summary": {"covered_lines": 100, "num_statements": 107, "percent_covered": 93.45794392523365, "percent_covered_display": "93", "missing_lines": 7, "excluded_lines": 0}, "missing_lines": [62, 108, 109, 138, 139, 140, 281], "excluded_lines": [], "functions": {"RetirementAccount.balance_cents": {"executed_lines": [34], "summary": {"covered_lines": 1, "num_statements": 1, "percent_covered": 100.0, "percent_covered_display": "100", "missing_lines": 0, "excluded_lines": 0}, "missing_lines": [], "excluded_lines": []}, "RetirementAccount.cleared_balance_cents": {"executed_lines": [39], "summary": {"covered_lines": 1, "num_statements": 1, "percent_covered": 100.0, "percent_covered_display": "100", "missing_lines": 0, "excluded_lines": 0}, "missing_lines": [], "excluded_lines": []}, "RetirementAccount.provider": {"executed_lines": [45, 46, 48, 50, 51, 52, 53], "summary": {"covered_lines": 7, "num_statements": 7, "percent_covered": 100.0, "percent_covered_display": "100", "missing_lines": 0, "excluded_lines": 0}, "missing_lines": [], "excluded_lines": []}, "RetirementAccount.account_type": {"executed_lines": [58, 59, 60, 61, 63, 64, 65, 66, 67, 68, 70], "summary": {"covered_lines": 11, "num_statements": 12, "percent_covered": 91.66666666666667, "percent_covered_display": "92", "missing_lines": 1, "excluded_lines": 0}, "missing_lines": [62], "excluded_lines": []}, "YnabRetirementService.__init__": {"executed_lines": [88, 89, 90, 91], "summary": {"covered_lines": 4, "num_statements": 4, "percent_covered": 100.0, "percent_covered_display": "100", "missing_lines": 0, "excluded_lines": 0}, "missing_lines": [], "excluded_lines": []}, "YnabRetirementService.discover_retirement_accounts": {"executed_lines": [105, 107, 111, 112, 113, 116, 133, 135, 136], "summary": {"covered_lines": 9, "num_statements": 14, "percent_covered": 64.28571428571429, "percent_covered_display": "64", "missing_lines": 5, "excluded_lines": 0}, "missing_lines": [108, 109, 138, 139, 140], "excluded_lines": []}, "YnabRetirementService.generate_balance_adjustment": {"executed_lines": [156, 157, 160, 161, 163, 164, 165, 168, 191, 192], "summary": {"covered_lines": 10, "num_statements": 10, "percent_covered": 100.0, "percent_covered_display": "100", "missing_lines": 0, "excluded_lines": 0}, "missing_lines": [], "excluded_lines": []}, "YnabRetirementService.create_retirement_edits": {"executed_lines": [204, 205, 206, 209, 210, 213, 226, 228, 229, 230, 231, 232, 234], "summary": {"covered_lines": 13, "num_statements": 13, "percent_covered": 100.0, "percent_covered_display": "100", "missing_lines": 0, "excluded_lines": 0}, "missing_lines": [], "excluded_lines": []}, "discover_retirement_accounts": {"executed_lines": [247, 248], "summary": {"covered_lines": 2, "num_statements": 2, "percent_covered": 100.0, "percent_covered_display": "100", "missing_lines": 0, "excluded_lines": 0}, "missing_lines": [], "excluded_lines": []}, "generate_retirement_edits": {"executed_lines": [262, 265, 266, 269, 270, 271, 272, 273, 274, 275, 278, 279], "summary": {"covered_lines": 12, "num_statements": 13, "percent_covered": 92.3076923076923, "percent_covered_display": "92", "missing_lines": 1, "excluded_lines": 0}, "missing_lines": [281], "excluded_lines": []}, "": {"executed_lines": [2, 9, 10, 11, 12, 13, 15, 16, 18, 21, 22, 23, 25, 26, 27, 28, 29, 31, 32, 36, 37, 41, 42, 55, 56, 73, 74, 81, 93, 142, 194, 237, 251], "summary": {"covered_lines": 30, "num_statements": 30, "percent_covered": 100.0, "percent_covered_display": "100", "missing_lines": 0, "excluded_lines": 0}, "missing_lines": [], "excluded_lines": []}}, "classes": {"RetirementAccount": {"executed_lines": [34, 39, 45, 46, 48, 50, 51, 52, 53, 58, 59, 60, 61, 63, 64, 65, 66, 67, 68, 70], "summary": {"covered_lines": 20, "num_statements": 21, "percent_covered": 95.23809523809524, "percent_covered_display": "95", "missing_lines": 1, "excluded_lines": 0}, "missing_lines": [62], "excluded_lines": []}, "YnabRetirementService": {"executed_lines": [88, 89, 90, 91, 105, 107, 111, 112, 113, 116, 133, 135, 136, 156, 157, 160, 161, 163, 164, 165, 168, 191, 192, 204, 205, 206, 209, 210, 213, 226, 228, 229, 230, 231, 232, 234], "summary": {"covered_lines": 36, "num_statements": 41, "percent_covered": 87.8048780487805, "percent_covered_display": "88", "missing_lines": 5, "excluded_lines": 0}, "missing_lines": [108, 109, 138, 139, 140], "excluded_lines": []}, "": {"executed_lines": [2, 9, 10, 11, 12, 13, 15, 16, 18, 21, 22, 23, 25, 26, 27, 28, 29, 31, 32, 36, 37, 41, 42, 55, 56, 73, 74, 81, 93, 142, 194, 237, 247, 248, 251, 262, 265, 266, 269, 270, 271, 272, 273, 274, 275, 278, 279], "summary": {"covered_lines": 44, "num_statements": 45, "percent_covered": 97.77777777777777, "percent_covered_display": "98", "missing_lines": 1, "excluded_lines": 0}, "missing_lines": [281], "excluded_lines": []}}}, "src/finances/ynab/split_calculator.py": {"executed_lines": [2, 15, 17, 25, 26, 28, 31, 51, 54, 55, 58, 60, 61, 62, 64, 66, 69, 72, 73, 74, 78, 81, 106, 110, 111, 113, 114, 115, 116, 119, 120, 123, 124, 125, 126, 127, 130, 132, 135, 136, 137, 138, 141, 143, 144, 146, 149, 152, 158, 161, 178, 180, 181, 184, 186, 188, 191, 194, 200, 203, 217, 220, 221, 223, 224, 227, 228, 230, 232, 235, 238, 250, 253, 263, 272, 273, 275], "summary": {"covered_lines": 75, "num_statements": 88, "percent_covered": 85.22727272727273, "percent_covered_display": "85", "missing_lines": 13, "excluded_lines": 0}, "missing_lines": [67, 107, 147, 153, 154, 189, 195, 196, 218, 229, 231, 233, 264], "excluded_lines": [], "functions": {"calculate_amazon_splits": {"executed_lines": [51, 54, 55, 58, 60, 61, 62, 64, 66, 69, 72, 73, 74, 78], "summary": {"covered_lines": 14, "num_statements": 15, "percent_covered": 93.33333333333333, "percent_covered_display": "93", "missing_lines": 1, "excluded_lines": 0}, "missing_lines": [67], "excluded_lines": []}, "calculate_apple_splits": {"executed_lines": [106, 110, 111, 113, 114, 115, 116, 119, 120, 123, 124, 125, 126, 127, 130, 132, 135, 136, 137, 138, 141, 143, 144, 146, 149, 152, 158], "summary": {"covered_lines": 27, "num_statements": 31, "percent_covered": 87.09677419354838, "percent_covered_display": "87", "missing_lines": 4, "excluded_lines": 0}, "missing_lines": [107, 147, 153, 154], "excluded_lines": []}, "calculate_generic_splits": {"executed_lines": [178, 180, 181, 184, 186, 188, 191, 194, 200], "summary": {"covered_lines": 9, "num_statements": 12, "percent_covered": 75.0, "percent_covered_display": "75", "missing_lines": 3, "excluded_lines": 0}, "missing_lines": [189, 195, 196], "excluded_lines": []}, "validate_split_calculation": {"executed_lines": [217, 220, 221, 223, 224, 227, 228, 230, 232, 235], "summary": {"covered_lines": 10, "num_statements": 14, "percent_covered": 71.42857142857143, "percent_covered_display": "71", "missing_lines": 4, "excluded_lines": 0}, "missing_lines": [218, 229, 231, 233], "excluded_lines": []}, "sort_splits_for_stability": {"executed_lines": [250], "summary": {"covered_lines": 1, "num_statements": 1, "percent_covered": 100.0, "percent_covered_display": "100", "missing_lines": 0, "excluded_lines": 0}, "missing_lines": [], "excluded_lines": []}, "create_split_summary": {"executed_lines": [263, 272, 273, 275], "summary": {"covered_lines": 4, "num_statements": 5, "percent_covered": 80.0, "percent_covered_display": "80", "missing_lines": 1, "excluded_lines": 0}, "missing_lines": [264], "excluded_lines": []}, "": {"executed_lines": [2, 15, 17, 25, 26, 28, 31, 81, 161, 203, 238, 253], "summary": {"covered_lines": 10, "num_statements": 10, "percent_covered": 100.0, "percent_covered_display": "100", "missing_lines": 0, "excluded_lines": 0}, "missing_lines": [], "excluded_lines": []}}, "classes": {"SplitCalculationError": {"executed_lines": [], "summary": {"covered_lines": 0, "num_statements": 0, "percent_covered": 100.0, "percent_covered_display": "100", "missing_lines": 0, "excluded_lines": 0}, "missing_lines": [], "excluded_lines": []}, "": {"executed_lines": [2, 15, 17, 25, 26, 28, 31, 51, 54, 55, 58, 60, 61, 62, 64, 66, 69, 72, 73, 74, 78, 81, 106, 110, 111, 113, 114, 115, 116, 119, 120, 123, 124, 125, 126, 127, 130, 132, 135, 136, 137, 138, 141, 143, 144, 146, 149, 152, 158, 161, 178, 180, 181, 184, 186, 188, 191, 194, 200, 203, 217, 220, 221, 223, 224, 227, 228, 230, 232, 235, 238, 250, 253, 263, 272, 273, 275], "summary": {"covered_lines": 75, "num_statements": 88, "percent_covered": 85.22727272727273, "percent_covered_display": "85", "missing_lines": 13, "excluded_lines": 0}, "missing_lines": [67, 107, 147, 153, 154, 189, 195, 196, 218, 229, 231, 233, 264], "excluded_lines": []}}}}, "totals": {"covered_lines": 2810, "num_statements": 4076, "percent_covered": 68.94013738959764, "percent_covered_display": "69", "missing_lines": 1266, "excluded_lines": 38}}
